Change Component Footprint: Designator=P1 Old Footprint=282834-4 New Footprint=HDR1X4
Change Component Footprint: Designator=P2 Old Footprint=282834-4 New Footprint=HDR1X4
Change Component Comment : Designator=P1 Old Comment=282834-4 New Comment=90120-0124
Change Component Comment : Designator=P2 Old Comment=282834-4 New Comment=90120-0124
Change component parameters: Designator = "P1"; Footprint = "HDR1X4"; UniqueID = "\SDLMPVIX"
Change component parameters. Clean all parameters for all variants
Change component parameters (AddParameter): Name = "GFUPartNo"; Value = "90120-0124"; VariantName = "[No Variations]"
Change component parameters (AddParameter): Name = "Manufacturer 1"; Value = "Molex"; VariantName = "[No Variations]"
Change component parameters (AddParameter): Name = "Manufacturer Part Number 1"; Value = "90120-0124"; VariantName = "[No Variations]"
Change component parameters (AddParameter): Name = "Part Type"; Value = "THRU"; VariantName = "[No Variations]"
Change component parameters (AddParameter): Name = "Supplier 1"; Value = "Digi-Key"; VariantName = "[No Variations]"
Change component parameters (AddParameter): Name = "Supplier Part Number 1"; Value = "WM8074-ND"; VariantName = "[No Variations]"
Change component parameters: Designator = "P2"; Footprint = "HDR1X4"; UniqueID = "\HVCQBSFP"
Change component parameters. Clean all parameters for all variants
Change component parameters (AddParameter): Name = "GFUPartNo"; Value = "90120-0124"; VariantName = "[No Variations]"
Change component parameters (AddParameter): Name = "Manufacturer 1"; Value = "Molex"; VariantName = "[No Variations]"
Change component parameters (AddParameter): Name = "Manufacturer Part Number 1"; Value = "90120-0124"; VariantName = "[No Variations]"
Change component parameters (AddParameter): Name = "Part Type"; Value = "THRU"; VariantName = "[No Variations]"
Change component parameters (AddParameter): Name = "Supplier 1"; Value = "Digi-Key"; VariantName = "[No Variations]"
Change component parameters (AddParameter): Name = "Supplier Part Number 1"; Value = "WM8074-ND"; VariantName = "[No Variations]"
Added Member To Class: ClassName=AccelerometerSchematic Member=Component R2 10k
Added Room: Name=AccelerometerSchematic
