Added Component: Designator=DR1(4_40 DRILL HOLE)
Add component. Clean all parameters for all variants
Add component (AddParameter): Name = "GFUPartNo"; Value = "4_40 DRILL HOLE"; VariantName = "[No Variations]"
Add component (AddParameter): Name = "Manufacturer 1"; Value = "N/A"; VariantName = "[No Variations]"
Add component (AddParameter): Name = "Manufacturer Part Number 1"; Value = "N/A"; VariantName = "[No Variations]"
Added Component: Designator=DR2(4_40 DRILL HOLE)
Add component. Clean all parameters for all variants
Add component (AddParameter): Name = "GFUPartNo"; Value = "4_40 DRILL HOLE"; VariantName = "[No Variations]"
Add component (AddParameter): Name = "Manufacturer 1"; Value = "N/A"; VariantName = "[No Variations]"
Add component (AddParameter): Name = "Manufacturer Part Number 1"; Value = "N/A"; VariantName = "[No Variations]"
Added Component: Designator=DR3(4_40 DRILL HOLE)
Add component. Clean all parameters for all variants
Add component (AddParameter): Name = "GFUPartNo"; Value = "4_40 DRILL HOLE"; VariantName = "[No Variations]"
Add component (AddParameter): Name = "Manufacturer 1"; Value = "N/A"; VariantName = "[No Variations]"
Add component (AddParameter): Name = "Manufacturer Part Number 1"; Value = "N/A"; VariantName = "[No Variations]"
Added Component: Designator=DR4(4_40 DRILL HOLE)
Add component. Clean all parameters for all variants
Add component (AddParameter): Name = "GFUPartNo"; Value = "4_40 DRILL HOLE"; VariantName = "[No Variations]"
Add component (AddParameter): Name = "Manufacturer 1"; Value = "N/A"; VariantName = "[No Variations]"
Add component (AddParameter): Name = "Manufacturer Part Number 1"; Value = "N/A"; VariantName = "[No Variations]"
Added Member To Class: ClassName=AccelerometerSchematic Member=Component DR1 4-40 DRILL HOLE
Added Member To Class: ClassName=AccelerometerSchematic Member=Component DR2 4-40 DRILL HOLE
Added Member To Class: ClassName=AccelerometerSchematic Member=Component DR3 4-40 DRILL HOLE
Added Member To Class: ClassName=AccelerometerSchematic Member=Component DR4 4-40 DRILL HOLE
Added Room: Name=AccelerometerSchematic
