PCAD Importer Log
Project : RC0805JR-0710KL.LibPkg

Section : \\mcse-files1\studentfiles$\jreamy17\Documents\Embedded\jreamy17\Hardware\AccelerometerChip\imports\RC0805JR-0710KL.lia
    Section : PCB Library - RC0805JR-0710KL.PcbLib
        Section : Load Messages
            Warning - 1 : Skipping Token RC0805JR-0710KL On Line 116
            Warning - 1 : Skipping Token attachedSymbol On Line 168
        EndSection

        Section : Import Messages
        EndSection
    EndSection

    Section : SCH Library - RC0805JR-0710KL.SchLib
        Section : Parsing Messages
            Warning - 1 : Skipping Token padStyleDef On Line 9
            Warning - 1 : Skipping Token multiLayer On Line 84
            Warning - 1 : Skipping Token layerContents On Line 88
            Warning - 1 : Skipping Token layerContents On Line 92
            Warning - 1 : Skipping Token layerContents On Line 98
            Warning - 1 : Skipping Token layerContents On Line 106
        EndSection

        Section : Generating SCH Library - RC0805JR-0710KL.SchLib
        EndSection
    EndSection
EndSection
