PCAD Importer Log
Project : BSS138.LibPkg

Section : \\mcse-files1\studentfiles$\jreamy17\Documents\Altium\Lab 4\footprints\BSS138.lia
    Section : PCB Library - BSS138.PcbLib
        Section : Load Messages
            Warning - 1 : Skipping Token BSS138 On Line 127
            Warning - 1 : Skipping Token attachedSymbol On Line 208
        EndSection

        Section : Import Messages
            Warning - 0 : PCAD Pattern Graphics [*BSS138][Primary] associated with PCAD Component [BSS138] has been renamed to PCB FootPrint [*BSS138_BSS138(Primary)].
        EndSection
    EndSection

    Section : SCH Library - BSS138.SchLib
        Section : Parsing Messages
            Warning - 1 : Skipping Token padStyleDef On Line 9
            Warning - 1 : Skipping Token multiLayer On Line 84
            Warning - 1 : Skipping Token layerContents On Line 89
            Warning - 1 : Skipping Token layerContents On Line 107
        EndSection

        Section : Generating SCH Library - BSS138.SchLib
            Warning - 0 : PCAD Pattern Graphics [*BSS138][Primary] associated with PCAD Component [BSS138] has been renamed to PCB FootPrint [*BSS138_BSS138(Primary)].
        EndSection
    EndSection
EndSection
