PCAD Importer Log
Project : CL21B124KBFNNNE.LibPkg

Section : \\mcse-files1\studentfiles$\jreamy17\Documents\Embedded\jreamy17\Hardware\AccelerometerChip\imports\CL21B124KBFNNNE.lia
    Section : PCB Library - CL21B124KBFNNNE.PcbLib
        Section : Load Messages
            Warning - 1 : Skipping Token poly On Line 349
            Warning - 1 : Skipping Token poly On Line 359
            Warning - 1 : Skipping Token poly On Line 369
            Warning - 1 : Skipping Token poly On Line 390
            Warning - 1 : Skipping Token poly On Line 398
            Warning - 1 : Skipping Token poly On Line 607
            Warning - 1 : Skipping Token poly On Line 617
            Warning - 1 : Skipping Token poly On Line 627
            Warning - 1 : Skipping Token poly On Line 648
            Warning - 1 : Skipping Token poly On Line 656
            Warning - 1 : Skipping Token poly On Line 862
            Warning - 1 : Skipping Token poly On Line 872
            Warning - 1 : Skipping Token poly On Line 882
            Warning - 1 : Skipping Token poly On Line 903
            Warning - 1 : Skipping Token poly On Line 911
            Warning - 1 : Skipping Token CAPH On Line 1105
            Warning - 1 : Skipping Token CAPV On Line 1132
            Warning - 1 : Skipping Token attachedSymbol On Line 1171
            Warning - 1 : Skipping Token attachedSymbol On Line 1172
        EndSection

        Section : Import Messages
        EndSection
    EndSection

    Section : SCH Library - CL21B124KBFNNNE.SchLib
        Section : Parsing Messages
            Warning - 1 : Skipping Token padStyleDef On Line 10
            Warning - 1 : Skipping Token padStyleDef On Line 20
            Warning - 1 : Skipping Token padStyleDef On Line 30
            Warning - 1 : Skipping Token multiLayer On Line 342
            Warning - 1 : Skipping Token layerContents On Line 347
            Warning - 1 : Skipping Token layerContents On Line 357
            Warning - 1 : Skipping Token layerContents On Line 367
            Warning - 1 : Skipping Token layerContents On Line 377
            Warning - 1 : Skipping Token layerContents On Line 380
            Warning - 1 : Skipping Token layerContents On Line 383
            Warning - 1 : Skipping Token layerContents On Line 386
            Warning - 1 : Skipping Token layerContents On Line 389
            Warning - 1 : Skipping Token layerContents On Line 397
            Warning - 1 : Skipping Token layerContents On Line 405
            Warning - 1 : Skipping Token layerContents On Line 408
            Warning - 1 : Skipping Token layerContents On Line 411
            Warning - 1 : Skipping Token layerContents On Line 414
            Warning - 1 : Skipping Token layerContents On Line 417
            Warning - 1 : Skipping Token layerContents On Line 420
            Warning - 1 : Skipping Token layerContents On Line 423
            Warning - 1 : Skipping Token layerContents On Line 426
            Warning - 1 : Skipping Token layerContents On Line 429
            Warning - 1 : Skipping Token layerContents On Line 432
            Warning - 1 : Skipping Token layerContents On Line 435
            Warning - 1 : Skipping Token layerContents On Line 438
            Warning - 1 : Skipping Token layerContents On Line 441
            Warning - 1 : Skipping Token layerContents On Line 444
            Warning - 1 : Skipping Token layerContents On Line 447
            Warning - 1 : Skipping Token layerContents On Line 450
            Warning - 1 : Skipping Token layerContents On Line 453
            Warning - 1 : Skipping Token layerContents On Line 456
            Warning - 1 : Skipping Token layerContents On Line 459
            Warning - 1 : Skipping Token layerContents On Line 462
            Warning - 1 : Skipping Token layerContents On Line 465
            Warning - 1 : Skipping Token layerContents On Line 468
            Warning - 1 : Skipping Token layerContents On Line 471
            Warning - 1 : Skipping Token layerContents On Line 474
            Warning - 1 : Skipping Token layerContents On Line 477
            Warning - 1 : Skipping Token layerContents On Line 480
            Warning - 1 : Skipping Token layerContents On Line 483
            Warning - 1 : Skipping Token layerContents On Line 486
            Warning - 1 : Skipping Token layerContents On Line 489
            Warning - 1 : Skipping Token layerContents On Line 492
            Warning - 1 : Skipping Token layerContents On Line 495
            Warning - 1 : Skipping Token layerContents On Line 498
            Warning - 1 : Skipping Token layerContents On Line 501
            Warning - 1 : Skipping Token layerContents On Line 504
            Warning - 1 : Skipping Token layerContents On Line 507
            Warning - 1 : Skipping Token layerContents On Line 510
            Warning - 1 : Skipping Token layerContents On Line 513
            Warning - 1 : Skipping Token layerContents On Line 516
            Warning - 1 : Skipping Token layerContents On Line 519
            Warning - 1 : Skipping Token layerContents On Line 522
            Warning - 1 : Skipping Token layerContents On Line 525
            Warning - 1 : Skipping Token layerContents On Line 528
            Warning - 1 : Skipping Token layerContents On Line 531
            Warning - 1 : Skipping Token layerContents On Line 534
            Warning - 1 : Skipping Token layerContents On Line 537
            Warning - 1 : Skipping Token layerContents On Line 540
            Warning - 1 : Skipping Token layerContents On Line 543
            Warning - 1 : Skipping Token layerContents On Line 546
            Warning - 1 : Skipping Token layerContents On Line 549
            Warning - 1 : Skipping Token layerContents On Line 552
            Warning - 1 : Skipping Token layerContents On Line 555
            Warning - 1 : Skipping Token layerContents On Line 558
            Warning - 1 : Skipping Token layerContents On Line 561
            Warning - 1 : Skipping Token layerContents On Line 564
            Warning - 1 : Skipping Token layerContents On Line 567
            Warning - 1 : Skipping Token layerContents On Line 570
            Warning - 1 : Skipping Token layerContents On Line 573
            Warning - 1 : Skipping Token layerContents On Line 576
            Warning - 1 : Skipping Token layerContents On Line 579
            Warning - 1 : Skipping Token layerContents On Line 582
            Warning - 1 : Skipping Token layerContents On Line 585
            Warning - 1 : Skipping Token layerContents On Line 588
            Warning - 1 : Skipping Token layerContents On Line 591
            Warning - 1 : Skipping Token multiLayer On Line 600
            Warning - 1 : Skipping Token layerContents On Line 605
            Warning - 1 : Skipping Token layerContents On Line 615
            Warning - 1 : Skipping Token layerContents On Line 625
            Warning - 1 : Skipping Token layerContents On Line 635
            Warning - 1 : Skipping Token layerContents On Line 638
            Warning - 1 : Skipping Token layerContents On Line 641
            Warning - 1 : Skipping Token layerContents On Line 644
            Warning - 1 : Skipping Token layerContents On Line 647
            Warning - 1 : Skipping Token layerContents On Line 655
            Warning - 1 : Skipping Token layerContents On Line 663
            Warning - 1 : Skipping Token layerContents On Line 666
            Warning - 1 : Skipping Token layerContents On Line 669
            Warning - 1 : Skipping Token layerContents On Line 672
            Warning - 1 : Skipping Token layerContents On Line 675
            Warning - 1 : Skipping Token layerContents On Line 678
            Warning - 1 : Skipping Token layerContents On Line 681
            Warning - 1 : Skipping Token layerContents On Line 684
            Warning - 1 : Skipping Token layerContents On Line 687
            Warning - 1 : Skipping Token layerContents On Line 690
            Warning - 1 : Skipping Token layerContents On Line 693
            Warning - 1 : Skipping Token layerContents On Line 696
            Warning - 1 : Skipping Token layerContents On Line 699
            Warning - 1 : Skipping Token layerContents On Line 702
            Warning - 1 : Skipping Token layerContents On Line 705
            Warning - 1 : Skipping Token layerContents On Line 708
            Warning - 1 : Skipping Token layerContents On Line 711
            Warning - 1 : Skipping Token layerContents On Line 714
            Warning - 1 : Skipping Token layerContents On Line 717
            Warning - 1 : Skipping Token layerContents On Line 720
            Warning - 1 : Skipping Token layerContents On Line 723
            Warning - 1 : Skipping Token layerContents On Line 726
            Warning - 1 : Skipping Token layerContents On Line 729
            Warning - 1 : Skipping Token layerContents On Line 732
            Warning - 1 : Skipping Token layerContents On Line 735
            Warning - 1 : Skipping Token layerContents On Line 738
            Warning - 1 : Skipping Token layerContents On Line 741
            Warning - 1 : Skipping Token layerContents On Line 744
            Warning - 1 : Skipping Token layerContents On Line 747
            Warning - 1 : Skipping Token layerContents On Line 750
            Warning - 1 : Skipping Token layerContents On Line 753
            Warning - 1 : Skipping Token layerContents On Line 756
            Warning - 1 : Skipping Token layerContents On Line 759
            Warning - 1 : Skipping Token layerContents On Line 762
            Warning - 1 : Skipping Token layerContents On Line 765
            Warning - 1 : Skipping Token layerContents On Line 768
            Warning - 1 : Skipping Token layerContents On Line 771
            Warning - 1 : Skipping Token layerContents On Line 774
            Warning - 1 : Skipping Token layerContents On Line 777
            Warning - 1 : Skipping Token layerContents On Line 780
            Warning - 1 : Skipping Token layerContents On Line 783
            Warning - 1 : Skipping Token layerContents On Line 786
            Warning - 1 : Skipping Token layerContents On Line 789
            Warning - 1 : Skipping Token layerContents On Line 792
            Warning - 1 : Skipping Token layerContents On Line 795
            Warning - 1 : Skipping Token layerContents On Line 798
            Warning - 1 : Skipping Token layerContents On Line 801
            Warning - 1 : Skipping Token layerContents On Line 804
            Warning - 1 : Skipping Token layerContents On Line 807
            Warning - 1 : Skipping Token layerContents On Line 810
            Warning - 1 : Skipping Token layerContents On Line 813
            Warning - 1 : Skipping Token layerContents On Line 816
            Warning - 1 : Skipping Token layerContents On Line 819
            Warning - 1 : Skipping Token layerContents On Line 822
            Warning - 1 : Skipping Token layerContents On Line 825
            Warning - 1 : Skipping Token layerContents On Line 828
            Warning - 1 : Skipping Token layerContents On Line 831
            Warning - 1 : Skipping Token layerContents On Line 834
            Warning - 1 : Skipping Token layerContents On Line 837
            Warning - 1 : Skipping Token layerContents On Line 840
            Warning - 1 : Skipping Token layerContents On Line 843
            Warning - 1 : Skipping Token layerContents On Line 846
            Warning - 1 : Skipping Token multiLayer On Line 855
            Warning - 1 : Skipping Token layerContents On Line 860
            Warning - 1 : Skipping Token layerContents On Line 870
            Warning - 1 : Skipping Token layerContents On Line 880
            Warning - 1 : Skipping Token layerContents On Line 890
            Warning - 1 : Skipping Token layerContents On Line 893
            Warning - 1 : Skipping Token layerContents On Line 896
            Warning - 1 : Skipping Token layerContents On Line 899
            Warning - 1 : Skipping Token layerContents On Line 902
            Warning - 1 : Skipping Token layerContents On Line 910
            Warning - 1 : Skipping Token layerContents On Line 918
            Warning - 1 : Skipping Token layerContents On Line 921
            Warning - 1 : Skipping Token layerContents On Line 924
            Warning - 1 : Skipping Token layerContents On Line 927
            Warning - 1 : Skipping Token layerContents On Line 930
            Warning - 1 : Skipping Token layerContents On Line 933
            Warning - 1 : Skipping Token layerContents On Line 936
            Warning - 1 : Skipping Token layerContents On Line 939
            Warning - 1 : Skipping Token layerContents On Line 942
            Warning - 1 : Skipping Token layerContents On Line 945
            Warning - 1 : Skipping Token layerContents On Line 948
            Warning - 1 : Skipping Token layerContents On Line 951
            Warning - 1 : Skipping Token layerContents On Line 954
            Warning - 1 : Skipping Token layerContents On Line 957
            Warning - 1 : Skipping Token layerContents On Line 960
            Warning - 1 : Skipping Token layerContents On Line 963
            Warning - 1 : Skipping Token layerContents On Line 966
            Warning - 1 : Skipping Token layerContents On Line 969
            Warning - 1 : Skipping Token layerContents On Line 972
            Warning - 1 : Skipping Token layerContents On Line 975
            Warning - 1 : Skipping Token layerContents On Line 978
            Warning - 1 : Skipping Token layerContents On Line 981
            Warning - 1 : Skipping Token layerContents On Line 984
            Warning - 1 : Skipping Token layerContents On Line 987
            Warning - 1 : Skipping Token layerContents On Line 990
            Warning - 1 : Skipping Token layerContents On Line 993
            Warning - 1 : Skipping Token layerContents On Line 996
            Warning - 1 : Skipping Token layerContents On Line 999
            Warning - 1 : Skipping Token layerContents On Line 1002
            Warning - 1 : Skipping Token layerContents On Line 1005
            Warning - 1 : Skipping Token layerContents On Line 1008
            Warning - 1 : Skipping Token layerContents On Line 1011
            Warning - 1 : Skipping Token layerContents On Line 1014
            Warning - 1 : Skipping Token layerContents On Line 1017
            Warning - 1 : Skipping Token layerContents On Line 1020
            Warning - 1 : Skipping Token layerContents On Line 1023
            Warning - 1 : Skipping Token layerContents On Line 1026
            Warning - 1 : Skipping Token layerContents On Line 1029
            Warning - 1 : Skipping Token layerContents On Line 1032
            Warning - 1 : Skipping Token layerContents On Line 1035
            Warning - 1 : Skipping Token layerContents On Line 1038
            Warning - 1 : Skipping Token layerContents On Line 1041
            Warning - 1 : Skipping Token layerContents On Line 1044
            Warning - 1 : Skipping Token layerContents On Line 1047
            Warning - 1 : Skipping Token layerContents On Line 1050
            Warning - 1 : Skipping Token layerContents On Line 1053
            Warning - 1 : Skipping Token layerContents On Line 1056
            Warning - 1 : Skipping Token layerContents On Line 1059
            Warning - 1 : Skipping Token layerContents On Line 1062
            Warning - 1 : Skipping Token layerContents On Line 1065
            Warning - 1 : Skipping Token layerContents On Line 1068
            Warning - 1 : Skipping Token layerContents On Line 1071
            Warning - 1 : Skipping Token layerContents On Line 1074
            Warning - 1 : Skipping Token layerContents On Line 1077
            Warning - 1 : Skipping Token layerContents On Line 1080
            Warning - 1 : Skipping Token layerContents On Line 1083
            Warning - 1 : Skipping Token layerContents On Line 1086
            Warning - 1 : Skipping Token layerContents On Line 1089
            Warning - 1 : Skipping Token layerContents On Line 1092
            Warning - 1 : Skipping Token layerContents On Line 1095
            Warning - 1 : Skipping Token layerContents On Line 1098
            Warning - 1 : Skipping Token layerContents On Line 1101
            Warning - 1 : Skipping Token defaultPinDes On Line 1113
            Warning - 1 : Skipping Token defaultPinDes On Line 1121
            Warning - 1 : Skipping Token defaultPinDes On Line 1140
            Warning - 1 : Skipping Token defaultPinDes On Line 1148
        EndSection

        Section : Generating SCH Library - CL21B124KBFNNNE.SchLib
        EndSection
    EndSection
EndSection
