PCAD Importer Log
Project : I2C_MUX.LibPkg

Section : \\mcse-files1\studentfiles$\jreamy17\Documents\Embedded\jreamy17\Hardware\Imports\I2C_MUX.lia
    Section : PCB Library - I2C_MUX.PcbLib
        Section : Load Messages
            Warning - 1 : Skipping Token poly On Line 348
            Warning - 1 : Skipping Token poly On Line 500
            Warning - 1 : Skipping Token poly On Line 670
            Warning - 1 : Skipping Token poly On Line 704
            Warning - 1 : Skipping Token poly On Line 982
            Warning - 1 : Skipping Token poly On Line 1134
            Warning - 1 : Skipping Token poly On Line 1322
            Warning - 1 : Skipping Token poly On Line 1338
            Warning - 1 : Skipping Token poly On Line 1616
            Warning - 1 : Skipping Token poly On Line 1768
            Warning - 1 : Skipping Token poly On Line 1956
            Warning - 1 : Skipping Token poly On Line 1972
            Warning - 1 : Skipping Token PCA9548A_DW_24 On Line 2217
            Warning - 1 : Skipping Token attachedSymbol On Line 2453
        EndSection

        Section : Import Messages
        EndSection
    EndSection

    Section : SCH Library - I2C_MUX.SchLib
        Section : Parsing Messages
            Warning - 1 : Skipping Token padStyleDef On Line 10
            Warning - 1 : Skipping Token padStyleDef On Line 20
            Warning - 1 : Skipping Token padStyleDef On Line 30
            Warning - 1 : Skipping Token multiLayer On Line 320
            Warning - 1 : Skipping Token layerContents On Line 347
            Warning - 1 : Skipping Token layerContents On Line 355
            Warning - 1 : Skipping Token layerContents On Line 358
            Warning - 1 : Skipping Token layerContents On Line 361
            Warning - 1 : Skipping Token layerContents On Line 364
            Warning - 1 : Skipping Token layerContents On Line 367
            Warning - 1 : Skipping Token layerContents On Line 370
            Warning - 1 : Skipping Token layerContents On Line 373
            Warning - 1 : Skipping Token layerContents On Line 376
            Warning - 1 : Skipping Token layerContents On Line 379
            Warning - 1 : Skipping Token layerContents On Line 382
            Warning - 1 : Skipping Token layerContents On Line 385
            Warning - 1 : Skipping Token layerContents On Line 388
            Warning - 1 : Skipping Token layerContents On Line 391
            Warning - 1 : Skipping Token layerContents On Line 394
            Warning - 1 : Skipping Token layerContents On Line 397
            Warning - 1 : Skipping Token layerContents On Line 400
            Warning - 1 : Skipping Token layerContents On Line 403
            Warning - 1 : Skipping Token layerContents On Line 406
            Warning - 1 : Skipping Token layerContents On Line 409
            Warning - 1 : Skipping Token layerContents On Line 412
            Warning - 1 : Skipping Token layerContents On Line 415
            Warning - 1 : Skipping Token layerContents On Line 418
            Warning - 1 : Skipping Token layerContents On Line 421
            Warning - 1 : Skipping Token layerContents On Line 424
            Warning - 1 : Skipping Token layerContents On Line 427
            Warning - 1 : Skipping Token layerContents On Line 430
            Warning - 1 : Skipping Token layerContents On Line 433
            Warning - 1 : Skipping Token layerContents On Line 436
            Warning - 1 : Skipping Token layerContents On Line 439
            Warning - 1 : Skipping Token layerContents On Line 442
            Warning - 1 : Skipping Token layerContents On Line 445
            Warning - 1 : Skipping Token layerContents On Line 448
            Warning - 1 : Skipping Token layerContents On Line 451
            Warning - 1 : Skipping Token layerContents On Line 454
            Warning - 1 : Skipping Token layerContents On Line 457
            Warning - 1 : Skipping Token layerContents On Line 460
            Warning - 1 : Skipping Token layerContents On Line 463
            Warning - 1 : Skipping Token layerContents On Line 466
            Warning - 1 : Skipping Token layerContents On Line 469
            Warning - 1 : Skipping Token layerContents On Line 472
            Warning - 1 : Skipping Token layerContents On Line 475
            Warning - 1 : Skipping Token layerContents On Line 478
            Warning - 1 : Skipping Token layerContents On Line 481
            Warning - 1 : Skipping Token layerContents On Line 484
            Warning - 1 : Skipping Token layerContents On Line 487
            Warning - 1 : Skipping Token layerContents On Line 490
            Warning - 1 : Skipping Token layerContents On Line 493
            Warning - 1 : Skipping Token layerContents On Line 496
            Warning - 1 : Skipping Token layerContents On Line 499
            Warning - 1 : Skipping Token layerContents On Line 507
            Warning - 1 : Skipping Token layerContents On Line 510
            Warning - 1 : Skipping Token layerContents On Line 513
            Warning - 1 : Skipping Token layerContents On Line 516
            Warning - 1 : Skipping Token layerContents On Line 519
            Warning - 1 : Skipping Token layerContents On Line 522
            Warning - 1 : Skipping Token layerContents On Line 525
            Warning - 1 : Skipping Token layerContents On Line 528
            Warning - 1 : Skipping Token layerContents On Line 531
            Warning - 1 : Skipping Token layerContents On Line 534
            Warning - 1 : Skipping Token layerContents On Line 537
            Warning - 1 : Skipping Token layerContents On Line 540
            Warning - 1 : Skipping Token layerContents On Line 543
            Warning - 1 : Skipping Token layerContents On Line 546
            Warning - 1 : Skipping Token layerContents On Line 549
            Warning - 1 : Skipping Token layerContents On Line 552
            Warning - 1 : Skipping Token layerContents On Line 555
            Warning - 1 : Skipping Token layerContents On Line 558
            Warning - 1 : Skipping Token layerContents On Line 561
            Warning - 1 : Skipping Token layerContents On Line 564
            Warning - 1 : Skipping Token layerContents On Line 567
            Warning - 1 : Skipping Token layerContents On Line 570
            Warning - 1 : Skipping Token layerContents On Line 573
            Warning - 1 : Skipping Token layerContents On Line 576
            Warning - 1 : Skipping Token layerContents On Line 579
            Warning - 1 : Skipping Token layerContents On Line 582
            Warning - 1 : Skipping Token layerContents On Line 585
            Warning - 1 : Skipping Token layerContents On Line 588
            Warning - 1 : Skipping Token layerContents On Line 591
            Warning - 1 : Skipping Token layerContents On Line 594
            Warning - 1 : Skipping Token layerContents On Line 597
            Warning - 1 : Skipping Token layerContents On Line 600
            Warning - 1 : Skipping Token layerContents On Line 603
            Warning - 1 : Skipping Token layerContents On Line 606
            Warning - 1 : Skipping Token layerContents On Line 609
            Warning - 1 : Skipping Token layerContents On Line 612
            Warning - 1 : Skipping Token layerContents On Line 615
            Warning - 1 : Skipping Token layerContents On Line 618
            Warning - 1 : Skipping Token layerContents On Line 621
            Warning - 1 : Skipping Token layerContents On Line 624
            Warning - 1 : Skipping Token layerContents On Line 627
            Warning - 1 : Skipping Token layerContents On Line 630
            Warning - 1 : Skipping Token layerContents On Line 633
            Warning - 1 : Skipping Token layerContents On Line 636
            Warning - 1 : Skipping Token layerContents On Line 639
            Warning - 1 : Skipping Token layerContents On Line 642
            Warning - 1 : Skipping Token layerContents On Line 645
            Warning - 1 : Skipping Token layerContents On Line 648
            Warning - 1 : Skipping Token layerContents On Line 651
            Warning - 1 : Skipping Token layerContents On Line 654
            Warning - 1 : Skipping Token layerContents On Line 657
            Warning - 1 : Skipping Token layerContents On Line 660
            Warning - 1 : Skipping Token layerContents On Line 663
            Warning - 1 : Skipping Token layerContents On Line 666
            Warning - 1 : Skipping Token layerContents On Line 669
            Warning - 1 : Skipping Token layerContents On Line 685
            Warning - 1 : Skipping Token layerContents On Line 688
            Warning - 1 : Skipping Token layerContents On Line 691
            Warning - 1 : Skipping Token layerContents On Line 694
            Warning - 1 : Skipping Token layerContents On Line 697
            Warning - 1 : Skipping Token layerContents On Line 700
            Warning - 1 : Skipping Token layerContents On Line 703
            Warning - 1 : Skipping Token layerContents On Line 711
            Warning - 1 : Skipping Token layerContents On Line 714
            Warning - 1 : Skipping Token layerContents On Line 717
            Warning - 1 : Skipping Token layerContents On Line 720
            Warning - 1 : Skipping Token layerContents On Line 723
            Warning - 1 : Skipping Token layerContents On Line 726
            Warning - 1 : Skipping Token layerContents On Line 729
            Warning - 1 : Skipping Token layerContents On Line 732
            Warning - 1 : Skipping Token layerContents On Line 735
            Warning - 1 : Skipping Token layerContents On Line 738
            Warning - 1 : Skipping Token layerContents On Line 741
            Warning - 1 : Skipping Token layerContents On Line 744
            Warning - 1 : Skipping Token layerContents On Line 747
            Warning - 1 : Skipping Token layerContents On Line 750
            Warning - 1 : Skipping Token layerContents On Line 753
            Warning - 1 : Skipping Token layerContents On Line 756
            Warning - 1 : Skipping Token layerContents On Line 759
            Warning - 1 : Skipping Token layerContents On Line 762
            Warning - 1 : Skipping Token layerContents On Line 765
            Warning - 1 : Skipping Token layerContents On Line 768
            Warning - 1 : Skipping Token layerContents On Line 771
            Warning - 1 : Skipping Token layerContents On Line 774
            Warning - 1 : Skipping Token layerContents On Line 777
            Warning - 1 : Skipping Token layerContents On Line 780
            Warning - 1 : Skipping Token layerContents On Line 783
            Warning - 1 : Skipping Token layerContents On Line 786
            Warning - 1 : Skipping Token layerContents On Line 789
            Warning - 1 : Skipping Token layerContents On Line 792
            Warning - 1 : Skipping Token layerContents On Line 795
            Warning - 1 : Skipping Token layerContents On Line 798
            Warning - 1 : Skipping Token layerContents On Line 801
            Warning - 1 : Skipping Token layerContents On Line 804
            Warning - 1 : Skipping Token layerContents On Line 807
            Warning - 1 : Skipping Token layerContents On Line 810
            Warning - 1 : Skipping Token layerContents On Line 813
            Warning - 1 : Skipping Token layerContents On Line 816
            Warning - 1 : Skipping Token layerContents On Line 819
            Warning - 1 : Skipping Token layerContents On Line 822
            Warning - 1 : Skipping Token layerContents On Line 825
            Warning - 1 : Skipping Token layerContents On Line 828
            Warning - 1 : Skipping Token layerContents On Line 831
            Warning - 1 : Skipping Token layerContents On Line 834
            Warning - 1 : Skipping Token layerContents On Line 837
            Warning - 1 : Skipping Token layerContents On Line 840
            Warning - 1 : Skipping Token layerContents On Line 843
            Warning - 1 : Skipping Token layerContents On Line 846
            Warning - 1 : Skipping Token layerContents On Line 849
            Warning - 1 : Skipping Token layerContents On Line 852
            Warning - 1 : Skipping Token layerContents On Line 855
            Warning - 1 : Skipping Token layerContents On Line 858
            Warning - 1 : Skipping Token layerContents On Line 861
            Warning - 1 : Skipping Token layerContents On Line 864
            Warning - 1 : Skipping Token layerContents On Line 867
            Warning - 1 : Skipping Token layerContents On Line 870
            Warning - 1 : Skipping Token layerContents On Line 873
            Warning - 1 : Skipping Token layerContents On Line 876
            Warning - 1 : Skipping Token layerContents On Line 879
            Warning - 1 : Skipping Token layerContents On Line 882
            Warning - 1 : Skipping Token layerContents On Line 885
            Warning - 1 : Skipping Token layerContents On Line 888
            Warning - 1 : Skipping Token layerContents On Line 891
            Warning - 1 : Skipping Token layerContents On Line 894
            Warning - 1 : Skipping Token layerContents On Line 897
            Warning - 1 : Skipping Token layerContents On Line 900
            Warning - 1 : Skipping Token layerContents On Line 903
            Warning - 1 : Skipping Token layerContents On Line 906
            Warning - 1 : Skipping Token layerContents On Line 909
            Warning - 1 : Skipping Token layerContents On Line 912
            Warning - 1 : Skipping Token layerContents On Line 915
            Warning - 1 : Skipping Token layerContents On Line 918
            Warning - 1 : Skipping Token layerContents On Line 921
            Warning - 1 : Skipping Token layerContents On Line 924
            Warning - 1 : Skipping Token layerContents On Line 927
            Warning - 1 : Skipping Token layerContents On Line 930
            Warning - 1 : Skipping Token layerContents On Line 933
            Warning - 1 : Skipping Token layerContents On Line 936
            Warning - 1 : Skipping Token layerContents On Line 939
            Warning - 1 : Skipping Token layerContents On Line 942
            Warning - 1 : Skipping Token layerContents On Line 945
            Warning - 1 : Skipping Token multiLayer On Line 954
            Warning - 1 : Skipping Token layerContents On Line 981
            Warning - 1 : Skipping Token layerContents On Line 989
            Warning - 1 : Skipping Token layerContents On Line 992
            Warning - 1 : Skipping Token layerContents On Line 995
            Warning - 1 : Skipping Token layerContents On Line 998
            Warning - 1 : Skipping Token layerContents On Line 1001
            Warning - 1 : Skipping Token layerContents On Line 1004
            Warning - 1 : Skipping Token layerContents On Line 1007
            Warning - 1 : Skipping Token layerContents On Line 1010
            Warning - 1 : Skipping Token layerContents On Line 1013
            Warning - 1 : Skipping Token layerContents On Line 1016
            Warning - 1 : Skipping Token layerContents On Line 1019
            Warning - 1 : Skipping Token layerContents On Line 1022
            Warning - 1 : Skipping Token layerContents On Line 1025
            Warning - 1 : Skipping Token layerContents On Line 1028
            Warning - 1 : Skipping Token layerContents On Line 1031
            Warning - 1 : Skipping Token layerContents On Line 1034
            Warning - 1 : Skipping Token layerContents On Line 1037
            Warning - 1 : Skipping Token layerContents On Line 1040
            Warning - 1 : Skipping Token layerContents On Line 1043
            Warning - 1 : Skipping Token layerContents On Line 1046
            Warning - 1 : Skipping Token layerContents On Line 1049
            Warning - 1 : Skipping Token layerContents On Line 1052
            Warning - 1 : Skipping Token layerContents On Line 1055
            Warning - 1 : Skipping Token layerContents On Line 1058
            Warning - 1 : Skipping Token layerContents On Line 1061
            Warning - 1 : Skipping Token layerContents On Line 1064
            Warning - 1 : Skipping Token layerContents On Line 1067
            Warning - 1 : Skipping Token layerContents On Line 1070
            Warning - 1 : Skipping Token layerContents On Line 1073
            Warning - 1 : Skipping Token layerContents On Line 1076
            Warning - 1 : Skipping Token layerContents On Line 1079
            Warning - 1 : Skipping Token layerContents On Line 1082
            Warning - 1 : Skipping Token layerContents On Line 1085
            Warning - 1 : Skipping Token layerContents On Line 1088
            Warning - 1 : Skipping Token layerContents On Line 1091
            Warning - 1 : Skipping Token layerContents On Line 1094
            Warning - 1 : Skipping Token layerContents On Line 1097
            Warning - 1 : Skipping Token layerContents On Line 1100
            Warning - 1 : Skipping Token layerContents On Line 1103
            Warning - 1 : Skipping Token layerContents On Line 1106
            Warning - 1 : Skipping Token layerContents On Line 1109
            Warning - 1 : Skipping Token layerContents On Line 1112
            Warning - 1 : Skipping Token layerContents On Line 1115
            Warning - 1 : Skipping Token layerContents On Line 1118
            Warning - 1 : Skipping Token layerContents On Line 1121
            Warning - 1 : Skipping Token layerContents On Line 1124
            Warning - 1 : Skipping Token layerContents On Line 1127
            Warning - 1 : Skipping Token layerContents On Line 1130
            Warning - 1 : Skipping Token layerContents On Line 1133
            Warning - 1 : Skipping Token layerContents On Line 1141
            Warning - 1 : Skipping Token layerContents On Line 1144
            Warning - 1 : Skipping Token layerContents On Line 1147
            Warning - 1 : Skipping Token layerContents On Line 1150
            Warning - 1 : Skipping Token layerContents On Line 1153
            Warning - 1 : Skipping Token layerContents On Line 1156
            Warning - 1 : Skipping Token layerContents On Line 1159
            Warning - 1 : Skipping Token layerContents On Line 1162
            Warning - 1 : Skipping Token layerContents On Line 1165
            Warning - 1 : Skipping Token layerContents On Line 1168
            Warning - 1 : Skipping Token layerContents On Line 1171
            Warning - 1 : Skipping Token layerContents On Line 1174
            Warning - 1 : Skipping Token layerContents On Line 1177
            Warning - 1 : Skipping Token layerContents On Line 1180
            Warning - 1 : Skipping Token layerContents On Line 1183
            Warning - 1 : Skipping Token layerContents On Line 1186
            Warning - 1 : Skipping Token layerContents On Line 1189
            Warning - 1 : Skipping Token layerContents On Line 1192
            Warning - 1 : Skipping Token layerContents On Line 1195
            Warning - 1 : Skipping Token layerContents On Line 1198
            Warning - 1 : Skipping Token layerContents On Line 1201
            Warning - 1 : Skipping Token layerContents On Line 1204
            Warning - 1 : Skipping Token layerContents On Line 1207
            Warning - 1 : Skipping Token layerContents On Line 1210
            Warning - 1 : Skipping Token layerContents On Line 1213
            Warning - 1 : Skipping Token layerContents On Line 1216
            Warning - 1 : Skipping Token layerContents On Line 1219
            Warning - 1 : Skipping Token layerContents On Line 1222
            Warning - 1 : Skipping Token layerContents On Line 1225
            Warning - 1 : Skipping Token layerContents On Line 1228
            Warning - 1 : Skipping Token layerContents On Line 1231
            Warning - 1 : Skipping Token layerContents On Line 1234
            Warning - 1 : Skipping Token layerContents On Line 1237
            Warning - 1 : Skipping Token layerContents On Line 1240
            Warning - 1 : Skipping Token layerContents On Line 1243
            Warning - 1 : Skipping Token layerContents On Line 1246
            Warning - 1 : Skipping Token layerContents On Line 1249
            Warning - 1 : Skipping Token layerContents On Line 1252
            Warning - 1 : Skipping Token layerContents On Line 1255
            Warning - 1 : Skipping Token layerContents On Line 1258
            Warning - 1 : Skipping Token layerContents On Line 1261
            Warning - 1 : Skipping Token layerContents On Line 1264
            Warning - 1 : Skipping Token layerContents On Line 1267
            Warning - 1 : Skipping Token layerContents On Line 1270
            Warning - 1 : Skipping Token layerContents On Line 1273
            Warning - 1 : Skipping Token layerContents On Line 1276
            Warning - 1 : Skipping Token layerContents On Line 1279
            Warning - 1 : Skipping Token layerContents On Line 1282
            Warning - 1 : Skipping Token layerContents On Line 1285
            Warning - 1 : Skipping Token layerContents On Line 1288
            Warning - 1 : Skipping Token layerContents On Line 1291
            Warning - 1 : Skipping Token layerContents On Line 1294
            Warning - 1 : Skipping Token layerContents On Line 1297
            Warning - 1 : Skipping Token layerContents On Line 1300
            Warning - 1 : Skipping Token layerContents On Line 1303
            Warning - 1 : Skipping Token layerContents On Line 1306
            Warning - 1 : Skipping Token layerContents On Line 1309
            Warning - 1 : Skipping Token layerContents On Line 1312
            Warning - 1 : Skipping Token layerContents On Line 1315
            Warning - 1 : Skipping Token layerContents On Line 1318
            Warning - 1 : Skipping Token layerContents On Line 1321
            Warning - 1 : Skipping Token layerContents On Line 1337
            Warning - 1 : Skipping Token layerContents On Line 1345
            Warning - 1 : Skipping Token layerContents On Line 1348
            Warning - 1 : Skipping Token layerContents On Line 1351
            Warning - 1 : Skipping Token layerContents On Line 1354
            Warning - 1 : Skipping Token layerContents On Line 1357
            Warning - 1 : Skipping Token layerContents On Line 1360
            Warning - 1 : Skipping Token layerContents On Line 1363
            Warning - 1 : Skipping Token layerContents On Line 1366
            Warning - 1 : Skipping Token layerContents On Line 1369
            Warning - 1 : Skipping Token layerContents On Line 1372
            Warning - 1 : Skipping Token layerContents On Line 1375
            Warning - 1 : Skipping Token layerContents On Line 1378
            Warning - 1 : Skipping Token layerContents On Line 1381
            Warning - 1 : Skipping Token layerContents On Line 1384
            Warning - 1 : Skipping Token layerContents On Line 1387
            Warning - 1 : Skipping Token layerContents On Line 1390
            Warning - 1 : Skipping Token layerContents On Line 1393
            Warning - 1 : Skipping Token layerContents On Line 1396
            Warning - 1 : Skipping Token layerContents On Line 1399
            Warning - 1 : Skipping Token layerContents On Line 1402
            Warning - 1 : Skipping Token layerContents On Line 1405
            Warning - 1 : Skipping Token layerContents On Line 1408
            Warning - 1 : Skipping Token layerContents On Line 1411
            Warning - 1 : Skipping Token layerContents On Line 1414
            Warning - 1 : Skipping Token layerContents On Line 1417
            Warning - 1 : Skipping Token layerContents On Line 1420
            Warning - 1 : Skipping Token layerContents On Line 1423
            Warning - 1 : Skipping Token layerContents On Line 1426
            Warning - 1 : Skipping Token layerContents On Line 1429
            Warning - 1 : Skipping Token layerContents On Line 1432
            Warning - 1 : Skipping Token layerContents On Line 1435
            Warning - 1 : Skipping Token layerContents On Line 1438
            Warning - 1 : Skipping Token layerContents On Line 1441
            Warning - 1 : Skipping Token layerContents On Line 1444
            Warning - 1 : Skipping Token layerContents On Line 1447
            Warning - 1 : Skipping Token layerContents On Line 1450
            Warning - 1 : Skipping Token layerContents On Line 1453
            Warning - 1 : Skipping Token layerContents On Line 1456
            Warning - 1 : Skipping Token layerContents On Line 1459
            Warning - 1 : Skipping Token layerContents On Line 1462
            Warning - 1 : Skipping Token layerContents On Line 1465
            Warning - 1 : Skipping Token layerContents On Line 1468
            Warning - 1 : Skipping Token layerContents On Line 1471
            Warning - 1 : Skipping Token layerContents On Line 1474
            Warning - 1 : Skipping Token layerContents On Line 1477
            Warning - 1 : Skipping Token layerContents On Line 1480
            Warning - 1 : Skipping Token layerContents On Line 1483
            Warning - 1 : Skipping Token layerContents On Line 1486
            Warning - 1 : Skipping Token layerContents On Line 1489
            Warning - 1 : Skipping Token layerContents On Line 1492
            Warning - 1 : Skipping Token layerContents On Line 1495
            Warning - 1 : Skipping Token layerContents On Line 1498
            Warning - 1 : Skipping Token layerContents On Line 1501
            Warning - 1 : Skipping Token layerContents On Line 1504
            Warning - 1 : Skipping Token layerContents On Line 1507
            Warning - 1 : Skipping Token layerContents On Line 1510
            Warning - 1 : Skipping Token layerContents On Line 1513
            Warning - 1 : Skipping Token layerContents On Line 1516
            Warning - 1 : Skipping Token layerContents On Line 1519
            Warning - 1 : Skipping Token layerContents On Line 1522
            Warning - 1 : Skipping Token layerContents On Line 1525
            Warning - 1 : Skipping Token layerContents On Line 1528
            Warning - 1 : Skipping Token layerContents On Line 1531
            Warning - 1 : Skipping Token layerContents On Line 1534
            Warning - 1 : Skipping Token layerContents On Line 1537
            Warning - 1 : Skipping Token layerContents On Line 1540
            Warning - 1 : Skipping Token layerContents On Line 1543
            Warning - 1 : Skipping Token layerContents On Line 1546
            Warning - 1 : Skipping Token layerContents On Line 1549
            Warning - 1 : Skipping Token layerContents On Line 1552
            Warning - 1 : Skipping Token layerContents On Line 1555
            Warning - 1 : Skipping Token layerContents On Line 1558
            Warning - 1 : Skipping Token layerContents On Line 1561
            Warning - 1 : Skipping Token layerContents On Line 1564
            Warning - 1 : Skipping Token layerContents On Line 1567
            Warning - 1 : Skipping Token layerContents On Line 1570
            Warning - 1 : Skipping Token layerContents On Line 1573
            Warning - 1 : Skipping Token layerContents On Line 1576
            Warning - 1 : Skipping Token layerContents On Line 1579
            Warning - 1 : Skipping Token multiLayer On Line 1588
            Warning - 1 : Skipping Token layerContents On Line 1615
            Warning - 1 : Skipping Token layerContents On Line 1623
            Warning - 1 : Skipping Token layerContents On Line 1626
            Warning - 1 : Skipping Token layerContents On Line 1629
            Warning - 1 : Skipping Token layerContents On Line 1632
            Warning - 1 : Skipping Token layerContents On Line 1635
            Warning - 1 : Skipping Token layerContents On Line 1638
            Warning - 1 : Skipping Token layerContents On Line 1641
            Warning - 1 : Skipping Token layerContents On Line 1644
            Warning - 1 : Skipping Token layerContents On Line 1647
            Warning - 1 : Skipping Token layerContents On Line 1650
            Warning - 1 : Skipping Token layerContents On Line 1653
            Warning - 1 : Skipping Token layerContents On Line 1656
            Warning - 1 : Skipping Token layerContents On Line 1659
            Warning - 1 : Skipping Token layerContents On Line 1662
            Warning - 1 : Skipping Token layerContents On Line 1665
            Warning - 1 : Skipping Token layerContents On Line 1668
            Warning - 1 : Skipping Token layerContents On Line 1671
            Warning - 1 : Skipping Token layerContents On Line 1674
            Warning - 1 : Skipping Token layerContents On Line 1677
            Warning - 1 : Skipping Token layerContents On Line 1680
            Warning - 1 : Skipping Token layerContents On Line 1683
            Warning - 1 : Skipping Token layerContents On Line 1686
            Warning - 1 : Skipping Token layerContents On Line 1689
            Warning - 1 : Skipping Token layerContents On Line 1692
            Warning - 1 : Skipping Token layerContents On Line 1695
            Warning - 1 : Skipping Token layerContents On Line 1698
            Warning - 1 : Skipping Token layerContents On Line 1701
            Warning - 1 : Skipping Token layerContents On Line 1704
            Warning - 1 : Skipping Token layerContents On Line 1707
            Warning - 1 : Skipping Token layerContents On Line 1710
            Warning - 1 : Skipping Token layerContents On Line 1713
            Warning - 1 : Skipping Token layerContents On Line 1716
            Warning - 1 : Skipping Token layerContents On Line 1719
            Warning - 1 : Skipping Token layerContents On Line 1722
            Warning - 1 : Skipping Token layerContents On Line 1725
            Warning - 1 : Skipping Token layerContents On Line 1728
            Warning - 1 : Skipping Token layerContents On Line 1731
            Warning - 1 : Skipping Token layerContents On Line 1734
            Warning - 1 : Skipping Token layerContents On Line 1737
            Warning - 1 : Skipping Token layerContents On Line 1740
            Warning - 1 : Skipping Token layerContents On Line 1743
            Warning - 1 : Skipping Token layerContents On Line 1746
            Warning - 1 : Skipping Token layerContents On Line 1749
            Warning - 1 : Skipping Token layerContents On Line 1752
            Warning - 1 : Skipping Token layerContents On Line 1755
            Warning - 1 : Skipping Token layerContents On Line 1758
            Warning - 1 : Skipping Token layerContents On Line 1761
            Warning - 1 : Skipping Token layerContents On Line 1764
            Warning - 1 : Skipping Token layerContents On Line 1767
            Warning - 1 : Skipping Token layerContents On Line 1775
            Warning - 1 : Skipping Token layerContents On Line 1778
            Warning - 1 : Skipping Token layerContents On Line 1781
            Warning - 1 : Skipping Token layerContents On Line 1784
            Warning - 1 : Skipping Token layerContents On Line 1787
            Warning - 1 : Skipping Token layerContents On Line 1790
            Warning - 1 : Skipping Token layerContents On Line 1793
            Warning - 1 : Skipping Token layerContents On Line 1796
            Warning - 1 : Skipping Token layerContents On Line 1799
            Warning - 1 : Skipping Token layerContents On Line 1802
            Warning - 1 : Skipping Token layerContents On Line 1805
            Warning - 1 : Skipping Token layerContents On Line 1808
            Warning - 1 : Skipping Token layerContents On Line 1811
            Warning - 1 : Skipping Token layerContents On Line 1814
            Warning - 1 : Skipping Token layerContents On Line 1817
            Warning - 1 : Skipping Token layerContents On Line 1820
            Warning - 1 : Skipping Token layerContents On Line 1823
            Warning - 1 : Skipping Token layerContents On Line 1826
            Warning - 1 : Skipping Token layerContents On Line 1829
            Warning - 1 : Skipping Token layerContents On Line 1832
            Warning - 1 : Skipping Token layerContents On Line 1835
            Warning - 1 : Skipping Token layerContents On Line 1838
            Warning - 1 : Skipping Token layerContents On Line 1841
            Warning - 1 : Skipping Token layerContents On Line 1844
            Warning - 1 : Skipping Token layerContents On Line 1847
            Warning - 1 : Skipping Token layerContents On Line 1850
            Warning - 1 : Skipping Token layerContents On Line 1853
            Warning - 1 : Skipping Token layerContents On Line 1856
            Warning - 1 : Skipping Token layerContents On Line 1859
            Warning - 1 : Skipping Token layerContents On Line 1862
            Warning - 1 : Skipping Token layerContents On Line 1865
            Warning - 1 : Skipping Token layerContents On Line 1868
            Warning - 1 : Skipping Token layerContents On Line 1871
            Warning - 1 : Skipping Token layerContents On Line 1874
            Warning - 1 : Skipping Token layerContents On Line 1877
            Warning - 1 : Skipping Token layerContents On Line 1880
            Warning - 1 : Skipping Token layerContents On Line 1883
            Warning - 1 : Skipping Token layerContents On Line 1886
            Warning - 1 : Skipping Token layerContents On Line 1889
            Warning - 1 : Skipping Token layerContents On Line 1892
            Warning - 1 : Skipping Token layerContents On Line 1895
            Warning - 1 : Skipping Token layerContents On Line 1898
            Warning - 1 : Skipping Token layerContents On Line 1901
            Warning - 1 : Skipping Token layerContents On Line 1904
            Warning - 1 : Skipping Token layerContents On Line 1907
            Warning - 1 : Skipping Token layerContents On Line 1910
            Warning - 1 : Skipping Token layerContents On Line 1913
            Warning - 1 : Skipping Token layerContents On Line 1916
            Warning - 1 : Skipping Token layerContents On Line 1919
            Warning - 1 : Skipping Token layerContents On Line 1922
            Warning - 1 : Skipping Token layerContents On Line 1925
            Warning - 1 : Skipping Token layerContents On Line 1928
            Warning - 1 : Skipping Token layerContents On Line 1931
            Warning - 1 : Skipping Token layerContents On Line 1934
            Warning - 1 : Skipping Token layerContents On Line 1937
            Warning - 1 : Skipping Token layerContents On Line 1940
            Warning - 1 : Skipping Token layerContents On Line 1943
            Warning - 1 : Skipping Token layerContents On Line 1946
            Warning - 1 : Skipping Token layerContents On Line 1949
            Warning - 1 : Skipping Token layerContents On Line 1952
            Warning - 1 : Skipping Token layerContents On Line 1955
            Warning - 1 : Skipping Token layerContents On Line 1971
            Warning - 1 : Skipping Token layerContents On Line 1979
            Warning - 1 : Skipping Token layerContents On Line 1982
            Warning - 1 : Skipping Token layerContents On Line 1985
            Warning - 1 : Skipping Token layerContents On Line 1988
            Warning - 1 : Skipping Token layerContents On Line 1991
            Warning - 1 : Skipping Token layerContents On Line 1994
            Warning - 1 : Skipping Token layerContents On Line 1997
            Warning - 1 : Skipping Token layerContents On Line 2000
            Warning - 1 : Skipping Token layerContents On Line 2003
            Warning - 1 : Skipping Token layerContents On Line 2006
            Warning - 1 : Skipping Token layerContents On Line 2009
            Warning - 1 : Skipping Token layerContents On Line 2012
            Warning - 1 : Skipping Token layerContents On Line 2015
            Warning - 1 : Skipping Token layerContents On Line 2018
            Warning - 1 : Skipping Token layerContents On Line 2021
            Warning - 1 : Skipping Token layerContents On Line 2024
            Warning - 1 : Skipping Token layerContents On Line 2027
            Warning - 1 : Skipping Token layerContents On Line 2030
            Warning - 1 : Skipping Token layerContents On Line 2033
            Warning - 1 : Skipping Token layerContents On Line 2036
            Warning - 1 : Skipping Token layerContents On Line 2039
            Warning - 1 : Skipping Token layerContents On Line 2042
            Warning - 1 : Skipping Token layerContents On Line 2045
            Warning - 1 : Skipping Token layerContents On Line 2048
            Warning - 1 : Skipping Token layerContents On Line 2051
            Warning - 1 : Skipping Token layerContents On Line 2054
            Warning - 1 : Skipping Token layerContents On Line 2057
            Warning - 1 : Skipping Token layerContents On Line 2060
            Warning - 1 : Skipping Token layerContents On Line 2063
            Warning - 1 : Skipping Token layerContents On Line 2066
            Warning - 1 : Skipping Token layerContents On Line 2069
            Warning - 1 : Skipping Token layerContents On Line 2072
            Warning - 1 : Skipping Token layerContents On Line 2075
            Warning - 1 : Skipping Token layerContents On Line 2078
            Warning - 1 : Skipping Token layerContents On Line 2081
            Warning - 1 : Skipping Token layerContents On Line 2084
            Warning - 1 : Skipping Token layerContents On Line 2087
            Warning - 1 : Skipping Token layerContents On Line 2090
            Warning - 1 : Skipping Token layerContents On Line 2093
            Warning - 1 : Skipping Token layerContents On Line 2096
            Warning - 1 : Skipping Token layerContents On Line 2099
            Warning - 1 : Skipping Token layerContents On Line 2102
            Warning - 1 : Skipping Token layerContents On Line 2105
            Warning - 1 : Skipping Token layerContents On Line 2108
            Warning - 1 : Skipping Token layerContents On Line 2111
            Warning - 1 : Skipping Token layerContents On Line 2114
            Warning - 1 : Skipping Token layerContents On Line 2117
            Warning - 1 : Skipping Token layerContents On Line 2120
            Warning - 1 : Skipping Token layerContents On Line 2123
            Warning - 1 : Skipping Token layerContents On Line 2126
            Warning - 1 : Skipping Token layerContents On Line 2129
            Warning - 1 : Skipping Token layerContents On Line 2132
            Warning - 1 : Skipping Token layerContents On Line 2135
            Warning - 1 : Skipping Token layerContents On Line 2138
            Warning - 1 : Skipping Token layerContents On Line 2141
            Warning - 1 : Skipping Token layerContents On Line 2144
            Warning - 1 : Skipping Token layerContents On Line 2147
            Warning - 1 : Skipping Token layerContents On Line 2150
            Warning - 1 : Skipping Token layerContents On Line 2153
            Warning - 1 : Skipping Token layerContents On Line 2156
            Warning - 1 : Skipping Token layerContents On Line 2159
            Warning - 1 : Skipping Token layerContents On Line 2162
            Warning - 1 : Skipping Token layerContents On Line 2165
            Warning - 1 : Skipping Token layerContents On Line 2168
            Warning - 1 : Skipping Token layerContents On Line 2171
            Warning - 1 : Skipping Token layerContents On Line 2174
            Warning - 1 : Skipping Token layerContents On Line 2177
            Warning - 1 : Skipping Token layerContents On Line 2180
            Warning - 1 : Skipping Token layerContents On Line 2183
            Warning - 1 : Skipping Token layerContents On Line 2186
            Warning - 1 : Skipping Token layerContents On Line 2189
            Warning - 1 : Skipping Token layerContents On Line 2192
            Warning - 1 : Skipping Token layerContents On Line 2195
            Warning - 1 : Skipping Token layerContents On Line 2198
            Warning - 1 : Skipping Token layerContents On Line 2201
            Warning - 1 : Skipping Token layerContents On Line 2204
            Warning - 1 : Skipping Token layerContents On Line 2207
            Warning - 1 : Skipping Token layerContents On Line 2210
            Warning - 1 : Skipping Token layerContents On Line 2213
            Warning - 1 : Skipping Token defaultPinDes On Line 2225
            Warning - 1 : Skipping Token defaultPinDes On Line 2233
            Warning - 1 : Skipping Token defaultPinDes On Line 2241
            Warning - 1 : Skipping Token defaultPinDes On Line 2249
            Warning - 1 : Skipping Token defaultPinDes On Line 2257
            Warning - 1 : Skipping Token defaultPinDes On Line 2265
            Warning - 1 : Skipping Token defaultPinDes On Line 2273
            Warning - 1 : Skipping Token defaultPinDes On Line 2281
            Warning - 1 : Skipping Token defaultPinDes On Line 2289
            Warning - 1 : Skipping Token defaultPinDes On Line 2297
            Warning - 1 : Skipping Token defaultPinDes On Line 2305
            Warning - 1 : Skipping Token defaultPinDes On Line 2313
            Warning - 1 : Skipping Token defaultPinDes On Line 2321
            Warning - 1 : Skipping Token defaultPinDes On Line 2329
            Warning - 1 : Skipping Token defaultPinDes On Line 2337
            Warning - 1 : Skipping Token defaultPinDes On Line 2345
            Warning - 1 : Skipping Token defaultPinDes On Line 2353
            Warning - 1 : Skipping Token defaultPinDes On Line 2361
            Warning - 1 : Skipping Token defaultPinDes On Line 2369
            Warning - 1 : Skipping Token defaultPinDes On Line 2377
            Warning - 1 : Skipping Token defaultPinDes On Line 2385
            Warning - 1 : Skipping Token defaultPinDes On Line 2393
            Warning - 1 : Skipping Token defaultPinDes On Line 2401
            Warning - 1 : Skipping Token defaultPinDes On Line 2409
        EndSection

        Section : Generating SCH Library - I2C_MUX.SchLib
        EndSection
    EndSection
EndSection
