Change Component Designator: OldDesignator=. NewDesignator=P3
Added Component: Designator=DR1(100MIL DRILL HOLE)
Add component. Clean all parameters for all variants
Add component (AddParameter): Name = "GFUPartNo"; Value = "STANDOFF DRILL HOLE"; VariantName = "[No Variations]"
Add component (AddParameter): Name = "Manufacturer Part Number 1"; Value = "STANDOFF DRILL HOLE"; VariantName = "[No Variations]"
Added Component: Designator=DR2(100MIL DRILL HOLE)
Add component. Clean all parameters for all variants
Add component (AddParameter): Name = "GFUPartNo"; Value = "STANDOFF DRILL HOLE"; VariantName = "[No Variations]"
Add component (AddParameter): Name = "Manufacturer Part Number 1"; Value = "STANDOFF DRILL HOLE"; VariantName = "[No Variations]"
Added Component: Designator=DR3(100MIL DRILL HOLE)
Add component. Clean all parameters for all variants
Add component (AddParameter): Name = "GFUPartNo"; Value = "STANDOFF DRILL HOLE"; VariantName = "[No Variations]"
Add component (AddParameter): Name = "Manufacturer Part Number 1"; Value = "STANDOFF DRILL HOLE"; VariantName = "[No Variations]"
Added Component: Designator=DR4(100MIL DRILL HOLE)
Add component. Clean all parameters for all variants
Add component (AddParameter): Name = "GFUPartNo"; Value = "STANDOFF DRILL HOLE"; VariantName = "[No Variations]"
Add component (AddParameter): Name = "Manufacturer Part Number 1"; Value = "STANDOFF DRILL HOLE"; VariantName = "[No Variations]"
Added Member To Class: ClassName=AccelerometerSchematic Member=Component DR1 STANDOFF DRILL HOLE
Added Member To Class: ClassName=AccelerometerSchematic Member=Component DR2 STANDOFF DRILL HOLE
Added Member To Class: ClassName=AccelerometerSchematic Member=Component DR3 STANDOFF DRILL HOLE
Added Member To Class: ClassName=AccelerometerSchematic Member=Component DR4 STANDOFF DRILL HOLE
Added Room: Name=AccelerometerSchematic
