Change Component Footprint: Designator=C1 Old Footprint=CAP_CL21 New Footprint=0805
Change Component Footprint: Designator=C2 Old Footprint=CAP_CL21 New Footprint=0805
Change component parameters: Designator = "C1"; Footprint = "0805"; UniqueID = "\DQQMTLQW"
Change component parameters. Clean all parameters for all variants
Change component parameters (AddParameter): Name = "GFUPartNo"; Value = "CL21A475KPFNNNE"; VariantName = "[No Variations]"
Change component parameters (AddParameter): Name = "Manufacturer 1"; Value = "Samsung"; VariantName = "[No Variations]"
Change component parameters (AddParameter): Name = "Manufacturer Part Number 1"; Value = "CL21A475KPFNNNE"; VariantName = "[No Variations]"
Change component parameters (AddParameter): Name = "PackageReference"; Value = "0805"; VariantName = "[No Variations]"
Change component parameters (AddParameter): Name = "Part Type"; Value = "SMT"; VariantName = "[No Variations]"
Change component parameters (AddParameter): Name = "Supplier 1"; Value = "Digi-Key"; VariantName = "[No Variations]"
Change component parameters (AddParameter): Name = "Supplier Part Number 1"; Value = "1276-1259-1-ND"; VariantName = "[No Variations]"
Change component parameters: Designator = "C2"; Footprint = "0805"; UniqueID = "\IDUGARUH"
Change component parameters. Clean all parameters for all variants
Change component parameters (AddParameter): Name = "GFUPartNo"; Value = "CL21A475KPFNNNE"; VariantName = "[No Variations]"
Change component parameters (AddParameter): Name = "Manufacturer 1"; Value = "Samsung"; VariantName = "[No Variations]"
Change component parameters (AddParameter): Name = "Manufacturer Part Number 1"; Value = "CL21A475KPFNNNE"; VariantName = "[No Variations]"
Change component parameters (AddParameter): Name = "PackageReference"; Value = "0805"; VariantName = "[No Variations]"
Change component parameters (AddParameter): Name = "Part Type"; Value = "SMT"; VariantName = "[No Variations]"
Change component parameters (AddParameter): Name = "Supplier 1"; Value = "Digi-Key"; VariantName = "[No Variations]"
Change component parameters (AddParameter): Name = "Supplier Part Number 1"; Value = "1276-1259-1-ND"; VariantName = "[No Variations]"
Added Room: Name=AccelerometerSchematic
