Removed Pin From Net: NetName=SCL Pin=P1-2
Removed Pin From Net: NetName=SDA Pin=P1-3
Removed Pin From Net: NetName=GND Pin=P1-4
Removed Pin From Net: NetName=SCL Pin=P2-2
Removed Pin From Net: NetName=SDA Pin=P2-3
Removed Pin From Net: NetName=GND Pin=P2-4
Change Component Footprint: Designator=P1 Old Footprint=HDR1X4 New Footprint=HDR2X3
Change Component Footprint: Designator=P2 Old Footprint=HDR1X4 New Footprint=HDR2X3
Change Component Comment : Designator=P1 Old Comment=90120-0124 New Comment=90131-0123
Change Component Comment : Designator=P2 Old Comment=90120-0124 New Comment=90131-0123
Change component parameters: Designator = "P1"; Footprint = "HDR2X3"; UniqueID = "\LPDWDCHV"
Change component parameters. Clean all parameters for all variants
Change component parameters (AddParameter): Name = "GFUPartNo"; Value = "90131-0123"; VariantName = "[No Variations]"
Change component parameters (AddParameter): Name = "Manufacturer 1"; Value = "Molex"; VariantName = "[No Variations]"
Change component parameters (AddParameter): Name = "Manufacturer Part Number 1"; Value = "90131-0123"; VariantName = "[No Variations]"
Change component parameters (AddParameter): Name = "Part Type"; Value = "THRU"; VariantName = "[No Variations]"
Change component parameters (AddParameter): Name = "Supplier 1"; Value = "Digi-Key"; VariantName = "[No Variations]"
Change component parameters (AddParameter): Name = "Supplier Part Number 1"; Value = "WM8121-ND"; VariantName = "[No Variations]"
Change component parameters: Designator = "P2"; Footprint = "HDR2X3"; UniqueID = "\IIXLSGGY"
Change component parameters. Clean all parameters for all variants
Change component parameters (AddParameter): Name = "GFUPartNo"; Value = "90131-0123"; VariantName = "[No Variations]"
Change component parameters (AddParameter): Name = "Manufacturer 1"; Value = "Molex"; VariantName = "[No Variations]"
Change component parameters (AddParameter): Name = "Manufacturer Part Number 1"; Value = "90131-0123"; VariantName = "[No Variations]"
Change component parameters (AddParameter): Name = "Part Type"; Value = "THRU"; VariantName = "[No Variations]"
Change component parameters (AddParameter): Name = "Supplier 1"; Value = "Digi-Key"; VariantName = "[No Variations]"
Change component parameters (AddParameter): Name = "Supplier Part Number 1"; Value = "WM8121-ND"; VariantName = "[No Variations]"
Added Pin To Net: NetName=SDA Pin=P1-2
Added Pin To Net: NetName=SCL Pin=P1-5
Added Pin To Net: NetName=GND Pin=P1-6
Added Pin To Net: NetName=SDA Pin=P2-2
Added Pin To Net: NetName=SCL Pin=P2-5
Added Pin To Net: NetName=GND Pin=P2-6
Added Member To Class: ClassName=AccelerometerSchematic Member=Component U1 KX003-1077
Added Room: Name=AccelerometerSchematic
