PCAD Importer Log
Project : AltiumV15.LibPkg

Section : C:\Users\jack\Documents\Embedded\FinalProject\Hardware\Imports\AltiumV15.lia
    Section : PCB Library - AltiumV15.PcbLib
        Section : Load Messages
            Warning - 1 : Skipping Token poly On Line 413
            Warning - 1 : Skipping Token poly On Line 446
            Warning - 1 : Skipping Token poly On Line 458
            Warning - 1 : Skipping Token poly On Line 747
            Warning - 1 : Skipping Token poly On Line 780
            Warning - 1 : Skipping Token poly On Line 792
            Warning - 1 : Skipping Token poly On Line 1081
            Warning - 1 : Skipping Token poly On Line 1114
            Warning - 1 : Skipping Token poly On Line 1126
            Warning - 1 : Skipping Token LM340S-5.0/NOPB On Line 1347
            Warning - 1 : Skipping Token attachedSymbol On Line 1403
        EndSection

        Section : Import Messages
        EndSection
    EndSection

    Section : SCH Library - AltiumV15.SchLib
        Section : Parsing Messages
            Warning - 1 : Skipping Token padStyleDef On Line 10
            Warning - 1 : Skipping Token padStyleDef On Line 20
            Warning - 1 : Skipping Token padStyleDef On Line 30
            Warning - 1 : Skipping Token padStyleDef On Line 40
            Warning - 1 : Skipping Token padStyleDef On Line 50
            Warning - 1 : Skipping Token padStyleDef On Line 60
            Warning - 1 : Skipping Token multiLayer On Line 350
            Warning - 1 : Skipping Token layerContents On Line 357
            Warning - 1 : Skipping Token layerContents On Line 360
            Warning - 1 : Skipping Token layerContents On Line 363
            Warning - 1 : Skipping Token layerContents On Line 366
            Warning - 1 : Skipping Token layerContents On Line 369
            Warning - 1 : Skipping Token layerContents On Line 372
            Warning - 1 : Skipping Token layerContents On Line 375
            Warning - 1 : Skipping Token layerContents On Line 378
            Warning - 1 : Skipping Token layerContents On Line 381
            Warning - 1 : Skipping Token layerContents On Line 384
            Warning - 1 : Skipping Token layerContents On Line 387
            Warning - 1 : Skipping Token layerContents On Line 390
            Warning - 1 : Skipping Token layerContents On Line 393
            Warning - 1 : Skipping Token layerContents On Line 396
            Warning - 1 : Skipping Token layerContents On Line 399
            Warning - 1 : Skipping Token layerContents On Line 402
            Warning - 1 : Skipping Token layerContents On Line 405
            Warning - 1 : Skipping Token layerContents On Line 408
            Warning - 1 : Skipping Token layerContents On Line 411
            Warning - 1 : Skipping Token layerContents On Line 421
            Warning - 1 : Skipping Token layerContents On Line 424
            Warning - 1 : Skipping Token layerContents On Line 427
            Warning - 1 : Skipping Token layerContents On Line 430
            Warning - 1 : Skipping Token layerContents On Line 433
            Warning - 1 : Skipping Token layerContents On Line 436
            Warning - 1 : Skipping Token layerContents On Line 439
            Warning - 1 : Skipping Token layerContents On Line 442
            Warning - 1 : Skipping Token layerContents On Line 445
            Warning - 1 : Skipping Token layerContents On Line 457
            Warning - 1 : Skipping Token layerContents On Line 465
            Warning - 1 : Skipping Token layerContents On Line 468
            Warning - 1 : Skipping Token layerContents On Line 471
            Warning - 1 : Skipping Token layerContents On Line 474
            Warning - 1 : Skipping Token layerContents On Line 477
            Warning - 1 : Skipping Token layerContents On Line 480
            Warning - 1 : Skipping Token layerContents On Line 483
            Warning - 1 : Skipping Token layerContents On Line 486
            Warning - 1 : Skipping Token layerContents On Line 489
            Warning - 1 : Skipping Token layerContents On Line 492
            Warning - 1 : Skipping Token layerContents On Line 495
            Warning - 1 : Skipping Token layerContents On Line 498
            Warning - 1 : Skipping Token layerContents On Line 501
            Warning - 1 : Skipping Token layerContents On Line 504
            Warning - 1 : Skipping Token layerContents On Line 507
            Warning - 1 : Skipping Token layerContents On Line 510
            Warning - 1 : Skipping Token layerContents On Line 513
            Warning - 1 : Skipping Token layerContents On Line 516
            Warning - 1 : Skipping Token layerContents On Line 519
            Warning - 1 : Skipping Token layerContents On Line 522
            Warning - 1 : Skipping Token layerContents On Line 525
            Warning - 1 : Skipping Token layerContents On Line 528
            Warning - 1 : Skipping Token layerContents On Line 531
            Warning - 1 : Skipping Token layerContents On Line 534
            Warning - 1 : Skipping Token layerContents On Line 537
            Warning - 1 : Skipping Token layerContents On Line 540
            Warning - 1 : Skipping Token layerContents On Line 543
            Warning - 1 : Skipping Token layerContents On Line 546
            Warning - 1 : Skipping Token layerContents On Line 549
            Warning - 1 : Skipping Token layerContents On Line 552
            Warning - 1 : Skipping Token layerContents On Line 555
            Warning - 1 : Skipping Token layerContents On Line 558
            Warning - 1 : Skipping Token layerContents On Line 561
            Warning - 1 : Skipping Token layerContents On Line 564
            Warning - 1 : Skipping Token layerContents On Line 567
            Warning - 1 : Skipping Token layerContents On Line 570
            Warning - 1 : Skipping Token layerContents On Line 573
            Warning - 1 : Skipping Token layerContents On Line 576
            Warning - 1 : Skipping Token layerContents On Line 579
            Warning - 1 : Skipping Token layerContents On Line 582
            Warning - 1 : Skipping Token layerContents On Line 585
            Warning - 1 : Skipping Token layerContents On Line 588
            Warning - 1 : Skipping Token layerContents On Line 591
            Warning - 1 : Skipping Token layerContents On Line 594
            Warning - 1 : Skipping Token layerContents On Line 597
            Warning - 1 : Skipping Token layerContents On Line 600
            Warning - 1 : Skipping Token layerContents On Line 603
            Warning - 1 : Skipping Token layerContents On Line 606
            Warning - 1 : Skipping Token layerContents On Line 609
            Warning - 1 : Skipping Token layerContents On Line 612
            Warning - 1 : Skipping Token layerContents On Line 615
            Warning - 1 : Skipping Token layerContents On Line 618
            Warning - 1 : Skipping Token layerContents On Line 621
            Warning - 1 : Skipping Token layerContents On Line 624
            Warning - 1 : Skipping Token layerContents On Line 627
            Warning - 1 : Skipping Token layerContents On Line 630
            Warning - 1 : Skipping Token layerContents On Line 633
            Warning - 1 : Skipping Token layerContents On Line 636
            Warning - 1 : Skipping Token layerContents On Line 639
            Warning - 1 : Skipping Token layerContents On Line 642
            Warning - 1 : Skipping Token layerContents On Line 645
            Warning - 1 : Skipping Token layerContents On Line 648
            Warning - 1 : Skipping Token layerContents On Line 651
            Warning - 1 : Skipping Token layerContents On Line 654
            Warning - 1 : Skipping Token layerContents On Line 657
            Warning - 1 : Skipping Token layerContents On Line 660
            Warning - 1 : Skipping Token layerContents On Line 663
            Warning - 1 : Skipping Token layerContents On Line 666
            Warning - 1 : Skipping Token layerContents On Line 669
            Warning - 1 : Skipping Token layerContents On Line 672
            Warning - 1 : Skipping Token layerContents On Line 675
            Warning - 1 : Skipping Token multiLayer On Line 684
            Warning - 1 : Skipping Token layerContents On Line 691
            Warning - 1 : Skipping Token layerContents On Line 694
            Warning - 1 : Skipping Token layerContents On Line 697
            Warning - 1 : Skipping Token layerContents On Line 700
            Warning - 1 : Skipping Token layerContents On Line 703
            Warning - 1 : Skipping Token layerContents On Line 706
            Warning - 1 : Skipping Token layerContents On Line 709
            Warning - 1 : Skipping Token layerContents On Line 712
            Warning - 1 : Skipping Token layerContents On Line 715
            Warning - 1 : Skipping Token layerContents On Line 718
            Warning - 1 : Skipping Token layerContents On Line 721
            Warning - 1 : Skipping Token layerContents On Line 724
            Warning - 1 : Skipping Token layerContents On Line 727
            Warning - 1 : Skipping Token layerContents On Line 730
            Warning - 1 : Skipping Token layerContents On Line 733
            Warning - 1 : Skipping Token layerContents On Line 736
            Warning - 1 : Skipping Token layerContents On Line 739
            Warning - 1 : Skipping Token layerContents On Line 742
            Warning - 1 : Skipping Token layerContents On Line 745
            Warning - 1 : Skipping Token layerContents On Line 755
            Warning - 1 : Skipping Token layerContents On Line 758
            Warning - 1 : Skipping Token layerContents On Line 761
            Warning - 1 : Skipping Token layerContents On Line 764
            Warning - 1 : Skipping Token layerContents On Line 767
            Warning - 1 : Skipping Token layerContents On Line 770
            Warning - 1 : Skipping Token layerContents On Line 773
            Warning - 1 : Skipping Token layerContents On Line 776
            Warning - 1 : Skipping Token layerContents On Line 779
            Warning - 1 : Skipping Token layerContents On Line 791
            Warning - 1 : Skipping Token layerContents On Line 799
            Warning - 1 : Skipping Token layerContents On Line 802
            Warning - 1 : Skipping Token layerContents On Line 805
            Warning - 1 : Skipping Token layerContents On Line 808
            Warning - 1 : Skipping Token layerContents On Line 811
            Warning - 1 : Skipping Token layerContents On Line 814
            Warning - 1 : Skipping Token layerContents On Line 817
            Warning - 1 : Skipping Token layerContents On Line 820
            Warning - 1 : Skipping Token layerContents On Line 823
            Warning - 1 : Skipping Token layerContents On Line 826
            Warning - 1 : Skipping Token layerContents On Line 829
            Warning - 1 : Skipping Token layerContents On Line 832
            Warning - 1 : Skipping Token layerContents On Line 835
            Warning - 1 : Skipping Token layerContents On Line 838
            Warning - 1 : Skipping Token layerContents On Line 841
            Warning - 1 : Skipping Token layerContents On Line 844
            Warning - 1 : Skipping Token layerContents On Line 847
            Warning - 1 : Skipping Token layerContents On Line 850
            Warning - 1 : Skipping Token layerContents On Line 853
            Warning - 1 : Skipping Token layerContents On Line 856
            Warning - 1 : Skipping Token layerContents On Line 859
            Warning - 1 : Skipping Token layerContents On Line 862
            Warning - 1 : Skipping Token layerContents On Line 865
            Warning - 1 : Skipping Token layerContents On Line 868
            Warning - 1 : Skipping Token layerContents On Line 871
            Warning - 1 : Skipping Token layerContents On Line 874
            Warning - 1 : Skipping Token layerContents On Line 877
            Warning - 1 : Skipping Token layerContents On Line 880
            Warning - 1 : Skipping Token layerContents On Line 883
            Warning - 1 : Skipping Token layerContents On Line 886
            Warning - 1 : Skipping Token layerContents On Line 889
            Warning - 1 : Skipping Token layerContents On Line 892
            Warning - 1 : Skipping Token layerContents On Line 895
            Warning - 1 : Skipping Token layerContents On Line 898
            Warning - 1 : Skipping Token layerContents On Line 901
            Warning - 1 : Skipping Token layerContents On Line 904
            Warning - 1 : Skipping Token layerContents On Line 907
            Warning - 1 : Skipping Token layerContents On Line 910
            Warning - 1 : Skipping Token layerContents On Line 913
            Warning - 1 : Skipping Token layerContents On Line 916
            Warning - 1 : Skipping Token layerContents On Line 919
            Warning - 1 : Skipping Token layerContents On Line 922
            Warning - 1 : Skipping Token layerContents On Line 925
            Warning - 1 : Skipping Token layerContents On Line 928
            Warning - 1 : Skipping Token layerContents On Line 931
            Warning - 1 : Skipping Token layerContents On Line 934
            Warning - 1 : Skipping Token layerContents On Line 937
            Warning - 1 : Skipping Token layerContents On Line 940
            Warning - 1 : Skipping Token layerContents On Line 943
            Warning - 1 : Skipping Token layerContents On Line 946
            Warning - 1 : Skipping Token layerContents On Line 949
            Warning - 1 : Skipping Token layerContents On Line 952
            Warning - 1 : Skipping Token layerContents On Line 955
            Warning - 1 : Skipping Token layerContents On Line 958
            Warning - 1 : Skipping Token layerContents On Line 961
            Warning - 1 : Skipping Token layerContents On Line 964
            Warning - 1 : Skipping Token layerContents On Line 967
            Warning - 1 : Skipping Token layerContents On Line 970
            Warning - 1 : Skipping Token layerContents On Line 973
            Warning - 1 : Skipping Token layerContents On Line 976
            Warning - 1 : Skipping Token layerContents On Line 979
            Warning - 1 : Skipping Token layerContents On Line 982
            Warning - 1 : Skipping Token layerContents On Line 985
            Warning - 1 : Skipping Token layerContents On Line 988
            Warning - 1 : Skipping Token layerContents On Line 991
            Warning - 1 : Skipping Token layerContents On Line 994
            Warning - 1 : Skipping Token layerContents On Line 997
            Warning - 1 : Skipping Token layerContents On Line 1000
            Warning - 1 : Skipping Token layerContents On Line 1003
            Warning - 1 : Skipping Token layerContents On Line 1006
            Warning - 1 : Skipping Token layerContents On Line 1009
            Warning - 1 : Skipping Token multiLayer On Line 1018
            Warning - 1 : Skipping Token layerContents On Line 1025
            Warning - 1 : Skipping Token layerContents On Line 1028
            Warning - 1 : Skipping Token layerContents On Line 1031
            Warning - 1 : Skipping Token layerContents On Line 1034
            Warning - 1 : Skipping Token layerContents On Line 1037
            Warning - 1 : Skipping Token layerContents On Line 1040
            Warning - 1 : Skipping Token layerContents On Line 1043
            Warning - 1 : Skipping Token layerContents On Line 1046
            Warning - 1 : Skipping Token layerContents On Line 1049
            Warning - 1 : Skipping Token layerContents On Line 1052
            Warning - 1 : Skipping Token layerContents On Line 1055
            Warning - 1 : Skipping Token layerContents On Line 1058
            Warning - 1 : Skipping Token layerContents On Line 1061
            Warning - 1 : Skipping Token layerContents On Line 1064
            Warning - 1 : Skipping Token layerContents On Line 1067
            Warning - 1 : Skipping Token layerContents On Line 1070
            Warning - 1 : Skipping Token layerContents On Line 1073
            Warning - 1 : Skipping Token layerContents On Line 1076
            Warning - 1 : Skipping Token layerContents On Line 1079
            Warning - 1 : Skipping Token layerContents On Line 1089
            Warning - 1 : Skipping Token layerContents On Line 1092
            Warning - 1 : Skipping Token layerContents On Line 1095
            Warning - 1 : Skipping Token layerContents On Line 1098
            Warning - 1 : Skipping Token layerContents On Line 1101
            Warning - 1 : Skipping Token layerContents On Line 1104
            Warning - 1 : Skipping Token layerContents On Line 1107
            Warning - 1 : Skipping Token layerContents On Line 1110
            Warning - 1 : Skipping Token layerContents On Line 1113
            Warning - 1 : Skipping Token layerContents On Line 1125
            Warning - 1 : Skipping Token layerContents On Line 1133
            Warning - 1 : Skipping Token layerContents On Line 1136
            Warning - 1 : Skipping Token layerContents On Line 1139
            Warning - 1 : Skipping Token layerContents On Line 1142
            Warning - 1 : Skipping Token layerContents On Line 1145
            Warning - 1 : Skipping Token layerContents On Line 1148
            Warning - 1 : Skipping Token layerContents On Line 1151
            Warning - 1 : Skipping Token layerContents On Line 1154
            Warning - 1 : Skipping Token layerContents On Line 1157
            Warning - 1 : Skipping Token layerContents On Line 1160
            Warning - 1 : Skipping Token layerContents On Line 1163
            Warning - 1 : Skipping Token layerContents On Line 1166
            Warning - 1 : Skipping Token layerContents On Line 1169
            Warning - 1 : Skipping Token layerContents On Line 1172
            Warning - 1 : Skipping Token layerContents On Line 1175
            Warning - 1 : Skipping Token layerContents On Line 1178
            Warning - 1 : Skipping Token layerContents On Line 1181
            Warning - 1 : Skipping Token layerContents On Line 1184
            Warning - 1 : Skipping Token layerContents On Line 1187
            Warning - 1 : Skipping Token layerContents On Line 1190
            Warning - 1 : Skipping Token layerContents On Line 1193
            Warning - 1 : Skipping Token layerContents On Line 1196
            Warning - 1 : Skipping Token layerContents On Line 1199
            Warning - 1 : Skipping Token layerContents On Line 1202
            Warning - 1 : Skipping Token layerContents On Line 1205
            Warning - 1 : Skipping Token layerContents On Line 1208
            Warning - 1 : Skipping Token layerContents On Line 1211
            Warning - 1 : Skipping Token layerContents On Line 1214
            Warning - 1 : Skipping Token layerContents On Line 1217
            Warning - 1 : Skipping Token layerContents On Line 1220
            Warning - 1 : Skipping Token layerContents On Line 1223
            Warning - 1 : Skipping Token layerContents On Line 1226
            Warning - 1 : Skipping Token layerContents On Line 1229
            Warning - 1 : Skipping Token layerContents On Line 1232
            Warning - 1 : Skipping Token layerContents On Line 1235
            Warning - 1 : Skipping Token layerContents On Line 1238
            Warning - 1 : Skipping Token layerContents On Line 1241
            Warning - 1 : Skipping Token layerContents On Line 1244
            Warning - 1 : Skipping Token layerContents On Line 1247
            Warning - 1 : Skipping Token layerContents On Line 1250
            Warning - 1 : Skipping Token layerContents On Line 1253
            Warning - 1 : Skipping Token layerContents On Line 1256
            Warning - 1 : Skipping Token layerContents On Line 1259
            Warning - 1 : Skipping Token layerContents On Line 1262
            Warning - 1 : Skipping Token layerContents On Line 1265
            Warning - 1 : Skipping Token layerContents On Line 1268
            Warning - 1 : Skipping Token layerContents On Line 1271
            Warning - 1 : Skipping Token layerContents On Line 1274
            Warning - 1 : Skipping Token layerContents On Line 1277
            Warning - 1 : Skipping Token layerContents On Line 1280
            Warning - 1 : Skipping Token layerContents On Line 1283
            Warning - 1 : Skipping Token layerContents On Line 1286
            Warning - 1 : Skipping Token layerContents On Line 1289
            Warning - 1 : Skipping Token layerContents On Line 1292
            Warning - 1 : Skipping Token layerContents On Line 1295
            Warning - 1 : Skipping Token layerContents On Line 1298
            Warning - 1 : Skipping Token layerContents On Line 1301
            Warning - 1 : Skipping Token layerContents On Line 1304
            Warning - 1 : Skipping Token layerContents On Line 1307
            Warning - 1 : Skipping Token layerContents On Line 1310
            Warning - 1 : Skipping Token layerContents On Line 1313
            Warning - 1 : Skipping Token layerContents On Line 1316
            Warning - 1 : Skipping Token layerContents On Line 1319
            Warning - 1 : Skipping Token layerContents On Line 1322
            Warning - 1 : Skipping Token layerContents On Line 1325
            Warning - 1 : Skipping Token layerContents On Line 1328
            Warning - 1 : Skipping Token layerContents On Line 1331
            Warning - 1 : Skipping Token layerContents On Line 1334
            Warning - 1 : Skipping Token layerContents On Line 1337
            Warning - 1 : Skipping Token layerContents On Line 1340
            Warning - 1 : Skipping Token layerContents On Line 1343
            Warning - 1 : Skipping Token defaultPinDes On Line 1355
            Warning - 1 : Skipping Token defaultPinDes On Line 1363
            Warning - 1 : Skipping Token defaultPinDes On Line 1371
            Warning - 1 : Skipping Token defaultPinDes On Line 1379
        EndSection

        Section : Generating SCH Library - AltiumV15.SchLib
        EndSection
    EndSection
EndSection
