Removed Pin From Net: NetName=3V3 Pin=INPUT-1
Removed Pin From Net: NetName=3V3 Pin=R2-1
Removed Pin From Net: NetName=SCL_in Pin=R2-2
Removed Pin From Net: NetName=3V3 Pin=R3-1
Removed Pin From Net: NetName=SDA_in Pin=R3-2
Removed Pin From Net: NetName=SCL_in Pin=U2-22
Removed Pin From Net: NetName=SDA_in Pin=U2-23
Removed Member From Class: ClassName=HandChip Member=R2
Removed Member From Class: ClassName=HandChip Member=R3
Change Component Designator: OldDesignator=THUMB 0 NewDesignator=THUMB0
Change Component Designator: OldDesignator=THUMB 1 NewDesignator=THUMB1
Added Component: Designator=?(*SOT95P280X145-5N)
Add component. Clean all parameters for all variants
Added Component: Designator=Q1(*BSS138_BSS138(Primary))
Add component. Clean all parameters for all variants
Add component (AddParameter): Name = "Availability"; Value = "Unavailable"; VariantName = "[No Variations]"
Add component (AddParameter): Name = "MF"; Value = "MICROSS/On Semiconductor"; VariantName = "[No Variations]"
Add component (AddParameter): Name = "MP"; Value = "BSS138"; VariantName = "[No Variations]"
Add component (AddParameter): Name = "Package"; Value = "SOT-23 Fairchild Semiconductor"; VariantName = "[No Variations]"
Add component (AddParameter): Name = "Price"; Value = "None"; VariantName = "[No Variations]"
Add component (AddParameter): Name = "SnapEDA_Link"; Value = "https://www.snapeda.com/parts/BSS138/MICROSS/On%20Semiconductor/view-part/215/?ref=snap"; VariantName = "[No Variations]"
Add component (AddParameter): Name = "Value"; Value = ""; VariantName = "[No Variations]"
Added Component: Designator=Q2(*BSS138_BSS138(Primary))
Add component. Clean all parameters for all variants
Add component (AddParameter): Name = "Availability"; Value = "Unavailable"; VariantName = "[No Variations]"
Add component (AddParameter): Name = "MF"; Value = "MICROSS/On Semiconductor"; VariantName = "[No Variations]"
Add component (AddParameter): Name = "MP"; Value = "BSS138"; VariantName = "[No Variations]"
Add component (AddParameter): Name = "Package"; Value = "SOT-23 Fairchild Semiconductor"; VariantName = "[No Variations]"
Add component (AddParameter): Name = "Price"; Value = "None"; VariantName = "[No Variations]"
Add component (AddParameter): Name = "SnapEDA_Link"; Value = "https://www.snapeda.com/parts/BSS138/MICROSS/On%20Semiconductor/view-part/215/?ref=snap"; VariantName = "[No Variations]"
Add component (AddParameter): Name = "Value"; Value = ""; VariantName = "[No Variations]"
Added Pin To Net: NetName=GND Pin=?-2
Added Pin To Net: NetName=SCL_in Pin=Q1-D
Added Pin To Net: NetName=SDA_in Pin=Q2-D
Added Pin To Net: NetName=3V3S Pin=Q1-G
Added Pin To Net: NetName=3V3S Pin=Q2-G
Added Net: Name=3V3S
Added Pin To Net: NetName=5V Pin=?-1
Added Pin To Net: NetName=5V Pin=?-4
Added Pin To Net: NetName=5V Pin=INPUT-1
Added Net: Name=5V
Added Pin To Net: NetName=Net?_3 Pin=?-3
Added Net: Name=Net?_3
Added Pin To Net: NetName=Net?_5 Pin=?-5
Added Net: Name=Net?_5
Added Pin To Net: NetName=SCL_S Pin=Q1-S
Added Pin To Net: NetName=SCL_S Pin=U2-22
Added Net: Name=SCL_S
Added Pin To Net: NetName=SDA_S Pin=Q2-S
Added Pin To Net: NetName=SDA_S Pin=U2-23
Added Net: Name=SDA_S
Added Pin To Net: NetName=VREF Pin=INPUT-3
Added Net: Name=VREF
Added Member To Class: ClassName=HandChip Member=Component ? TLV62568DBVR
Added Member To Class: ClassName=HandChip Member=Component Q1 BSS138
Added Member To Class: ClassName=HandChip Member=Component Q2 BSS138
Added Room: Name=HandChip
