Removed Pin From Net: NetName=SDA0 Pin=R4-2
Removed Pin From Net: NetName=SCL0 Pin=R5-2
Removed Pin From Net: NetName=SDA1 Pin=R6-2
Removed Pin From Net: NetName=SCL1 Pin=R7-2
Removed Pin From Net: NetName=SDA2 Pin=R8-2
Removed Pin From Net: NetName=SCL2 Pin=R9-2
Removed Pin From Net: NetName=SDA3 Pin=R10-2
Removed Pin From Net: NetName=SCL3 Pin=R11-2
Removed Pin From Net: NetName=SDA4 Pin=R12-2
Removed Pin From Net: NetName=SCL4 Pin=R13-2
Removed Pin From Net: NetName=SDA5 Pin=R14-2
Removed Pin From Net: NetName=SCL5 Pin=R15-2
Removed Pin From Net: NetName=SDA6 Pin=R16-2
Removed Pin From Net: NetName=SCL6 Pin=R17-2
Removed Pin From Net: NetName=3V3 Pin=R18-1
Removed Pin From Net: NetName=SDA7 Pin=R18-2
Removed Pin From Net: NetName=3V3 Pin=R19-1
Removed Pin From Net: NetName=SCL7 Pin=R19-2
Change Component Footprint: Designator=R4 Old Footprint=0805_RES_HD New Footprint=0805-RES
Change Component Footprint: Designator=R5 Old Footprint=0805_RES_HD New Footprint=0805-RES
Change Component Footprint: Designator=R6 Old Footprint=0805_RES_HD New Footprint=0805-RES
Change Component Footprint: Designator=R7 Old Footprint=0805_RES_HD New Footprint=0805-RES
Change Component Footprint: Designator=R8 Old Footprint=0805_RES_HD New Footprint=0805-RES
Change Component Footprint: Designator=R9 Old Footprint=0805_RES_HD New Footprint=0805-RES
Change Component Footprint: Designator=R10 Old Footprint=0805_RES_HD New Footprint=0805-RES
Change Component Footprint: Designator=R11 Old Footprint=0805_RES_HD New Footprint=0805-RES
Change Component Footprint: Designator=R12 Old Footprint=0805_RES_HD New Footprint=0805-RES
Change Component Footprint: Designator=R13 Old Footprint=0805_RES_HD New Footprint=0805-RES
Change Component Footprint: Designator=R14 Old Footprint=0805_RES_HD New Footprint=0805-RES
Change Component Footprint: Designator=R15 Old Footprint=0805_RES_HD New Footprint=0805-RES
Change Component Footprint: Designator=R16 Old Footprint=0805_RES_HD New Footprint=0805-RES
Change Component Footprint: Designator=R17 Old Footprint=0805_RES_HD New Footprint=0805-RES
Change Component Footprint: Designator=R18 Old Footprint=0805_RES_HD New Footprint=0805-RES
Change Component Footprint: Designator=R19 Old Footprint=0805_RES_HD New Footprint=0805-RES
Change component parameters: Designator = "R4"; Footprint = "0805-RES"; UniqueID = "\WHLKFEWS"
Change component parameters. Clean all parameters for all variants
Change component parameters: Designator = "R5"; Footprint = "0805-RES"; UniqueID = "\QYFZZRIK"
Change component parameters. Clean all parameters for all variants
Change component parameters: Designator = "R6"; Footprint = "0805-RES"; UniqueID = "\KJDIRGPF"
Change component parameters. Clean all parameters for all variants
Change component parameters: Designator = "R7"; Footprint = "0805-RES"; UniqueID = "\OHMFLDPI"
Change component parameters. Clean all parameters for all variants
Change component parameters: Designator = "R8"; Footprint = "0805-RES"; UniqueID = "\YZLVTLMT"
Change component parameters. Clean all parameters for all variants
Change component parameters: Designator = "R9"; Footprint = "0805-RES"; UniqueID = "\ABPODDRB"
Change component parameters. Clean all parameters for all variants
Change component parameters: Designator = "R10"; Footprint = "0805-RES"; UniqueID = "\VHVRDKFU"
Change component parameters. Clean all parameters for all variants
Change component parameters: Designator = "R11"; Footprint = "0805-RES"; UniqueID = "\PSJPZAAG"
Change component parameters. Clean all parameters for all variants
Change component parameters: Designator = "R12"; Footprint = "0805-RES"; UniqueID = "\FIJCGXMB"
Change component parameters. Clean all parameters for all variants
Change component parameters: Designator = "R13"; Footprint = "0805-RES"; UniqueID = "\TVBZLFNR"
Change component parameters. Clean all parameters for all variants
Change component parameters: Designator = "R14"; Footprint = "0805-RES"; UniqueID = "\BHQDPSCA"
Change component parameters. Clean all parameters for all variants
Change component parameters: Designator = "R15"; Footprint = "0805-RES"; UniqueID = "\BTKMQGQA"
Change component parameters. Clean all parameters for all variants
Change component parameters: Designator = "R16"; Footprint = "0805-RES"; UniqueID = "\PGLDDIUP"
Change component parameters. Clean all parameters for all variants
Change component parameters: Designator = "R17"; Footprint = "0805-RES"; UniqueID = "\IZCPWLDB"
Change component parameters. Clean all parameters for all variants
Change component parameters: Designator = "R18"; Footprint = "0805-RES"; UniqueID = "\WILBQEXU"
Change component parameters. Clean all parameters for all variants
Change component parameters: Designator = "R19"; Footprint = "0805-RES"; UniqueID = "\UABNNCPA"
Change component parameters. Clean all parameters for all variants
Added Component: Designator=R1(0805-RES)
Add component. Clean all parameters for all variants
Added Component: Designator=R2(0805-RES)
Add component. Clean all parameters for all variants
Added Component: Designator=R3(0805-RES)
Add component. Clean all parameters for all variants
Added Component: Designator=R20(0805-RES)
Add component. Clean all parameters for all variants
Added Component: Designator=R21(0805-RES)
Add component. Clean all parameters for all variants
Added Component: Designator=R22(0805-RES)
Add component. Clean all parameters for all variants
Added Component: Designator=R23(0805-RES)
Add component. Clean all parameters for all variants
Added Pin To Net: NetName=3V3 Pin=R2-1
Added Pin To Net: NetName=SDA0 Pin=R2-2
Added Pin To Net: NetName=3V3 Pin=R3-1
Added Pin To Net: NetName=SCL0 Pin=R3-2
Added Pin To Net: NetName=SDA1 Pin=R4-2
Added Pin To Net: NetName=SCL1 Pin=R5-2
Added Pin To Net: NetName=SDA2 Pin=R6-2
Added Pin To Net: NetName=SCL2 Pin=R7-2
Added Pin To Net: NetName=SDA3 Pin=R8-2
Added Pin To Net: NetName=SCL3 Pin=R9-2
Added Pin To Net: NetName=SDA4 Pin=R10-2
Added Pin To Net: NetName=SCL4 Pin=R11-2
Added Pin To Net: NetName=SDA5 Pin=R12-2
Added Pin To Net: NetName=SCL5 Pin=R13-2
Added Pin To Net: NetName=SDA6 Pin=R14-2
Added Pin To Net: NetName=SCL6 Pin=R15-2
Added Pin To Net: NetName=SDA7 Pin=R16-2
Added Pin To Net: NetName=SCL7 Pin=R17-2
Added Pin To Net: NetName=3V3S Pin=R18-1
Added Pin To Net: NetName=SCL_S Pin=R18-2
Added Pin To Net: NetName=VREF Pin=R19-1
Added Pin To Net: NetName=SCL_in Pin=R19-2
Added Pin To Net: NetName=3V3S Pin=R20-1
Added Pin To Net: NetName=SDA_S Pin=R20-2
Added Pin To Net: NetName=VREF Pin=R21-1
Added Pin To Net: NetName=SDA_in Pin=R21-2
Added Pin To Net: NetName=3V3S Pin=R22-1
Added Pin To Net: NetName=Net?_5 Pin=R22-2
Added Pin To Net: NetName=Net?_5 Pin=R23-1
Added Pin To Net: NetName=GND Pin=R23-2
Added Member To Class: ClassName=HandChip Member=Component R1 10k
Added Member To Class: ClassName=HandChip Member=Component R2 2.4k
Added Member To Class: ClassName=HandChip Member=Component R3 2.4k
Added Member To Class: ClassName=HandChip Member=Component R20 2.4k
Added Member To Class: ClassName=HandChip Member=Component R21 2.4k
Added Member To Class: ClassName=HandChip Member=Component R22 2.4k
Added Member To Class: ClassName=HandChip Member=Component R23 2.4k
