Removed Pin From Net: NetName=3V3 Pin=P2-1
Removed Pin From Net: NetName=3V3 Pin=P3-1
Removed Pin From Net: NetName=3V3 Pin=P4-1
Removed Pin From Net: NetName=3V3 Pin=THUMB0-1
Removed Pin From Net: NetName=3V3 Pin=THUMB1-1
Added Pin To Net: NetName=3V3 Pin=C3-2
Added Pin To Net: NetName=3V3 Pin=L1-2
Added Pin To Net: NetName=3V3 Pin=Q1-G
Added Pin To Net: NetName=3V3 Pin=Q2-G
Added Pin To Net: NetName=3V3 Pin=R18-1
Added Pin To Net: NetName=3V3 Pin=R20-1
Added Pin To Net: NetName=3V3 Pin=R22-1
Change Net Name : Old Net Name=3V3 New Net Name=3V3S
Added Pin To Net: NetName=\ Pin=P2-1
Added Pin To Net: NetName=\ Pin=P3-1
Added Pin To Net: NetName=\ Pin=P4-1
Added Pin To Net: NetName=\ Pin=THUMB0-1
Added Pin To Net: NetName=\ Pin=THUMB1-1
Added Net: Name=\
Added Member To Class: ClassName=HandChip Member=Component R1 10k
Added Room: Name=HandChip
