Removed Pin From Net: NetName=SCL Pin=P1-3
Removed Pin From Net: NetName=SDA Pin=P1-4
Removed Pin From Net: NetName=SCL Pin=U1-1
Removed Pin From Net: NetName=GND Pin=U1-3
Removed Pin From Net: NetName=SDA Pin=U1-4
Removed Member From Class: ClassName=FingMiddle Member=DR1
Removed Member From Class: ClassName=FingMiddle Member=DR2
Removed Member From Class: ClassName=FingMiddle Member=DR3
Removed Member From Class: ClassName=FingMiddle Member=DR4
Added Component: Designator=ADDR(HDR1X2)
Add component. Clean all parameters for all variants
Add component (AddParameter): Name = "GFUPartNo"; Value = "90120-0122"; VariantName = "[No Variations]"
Add component (AddParameter): Name = "Manufacturer 1"; Value = "Molex"; VariantName = "[No Variations]"
Add component (AddParameter): Name = "Manufacturer Part Number 1"; Value = "90120-0122"; VariantName = "[No Variations]"
Add component (AddParameter): Name = "Part Type"; Value = "THRU"; VariantName = "[No Variations]"
Add component (AddParameter): Name = "Supplier 1"; Value = "Digi-Key"; VariantName = "[No Variations]"
Add component (AddParameter): Name = "Supplier Part Number 1"; Value = "WM8072-ND"; VariantName = "[No Variations]"
Added Component: Designator=INPUT(HDR2X3)
Add component. Clean all parameters for all variants
Add component (AddParameter): Name = "GFUPartNo"; Value = "90131-0123"; VariantName = "[No Variations]"
Add component (AddParameter): Name = "Manufacturer 1"; Value = "Molex"; VariantName = "[No Variations]"
Add component (AddParameter): Name = "Manufacturer Part Number 1"; Value = "90131-0123"; VariantName = "[No Variations]"
Add component (AddParameter): Name = "Part Type"; Value = "THRU"; VariantName = "[No Variations]"
Add component (AddParameter): Name = "Supplier 1"; Value = "Digi-Key"; VariantName = "[No Variations]"
Add component (AddParameter): Name = "Supplier Part Number 1"; Value = "WM8121-ND"; VariantName = "[No Variations]"
Added Component: Designator=P2(HDR2X3)
Add component. Clean all parameters for all variants
Add component (AddParameter): Name = "GFUPartNo"; Value = "90131-0123"; VariantName = "[No Variations]"
Add component (AddParameter): Name = "Manufacturer 1"; Value = "Molex"; VariantName = "[No Variations]"
Add component (AddParameter): Name = "Manufacturer Part Number 1"; Value = "90131-0123"; VariantName = "[No Variations]"
Add component (AddParameter): Name = "Part Type"; Value = "THRU"; VariantName = "[No Variations]"
Add component (AddParameter): Name = "Supplier 1"; Value = "Digi-Key"; VariantName = "[No Variations]"
Add component (AddParameter): Name = "Supplier Part Number 1"; Value = "WM8121-ND"; VariantName = "[No Variations]"
Added Component: Designator=P3(HDR2X3)
Add component. Clean all parameters for all variants
Add component (AddParameter): Name = "GFUPartNo"; Value = "90131-0123"; VariantName = "[No Variations]"
Add component (AddParameter): Name = "Manufacturer 1"; Value = "Molex"; VariantName = "[No Variations]"
Add component (AddParameter): Name = "Manufacturer Part Number 1"; Value = "90131-0123"; VariantName = "[No Variations]"
Add component (AddParameter): Name = "Part Type"; Value = "THRU"; VariantName = "[No Variations]"
Add component (AddParameter): Name = "Supplier 1"; Value = "Digi-Key"; VariantName = "[No Variations]"
Add component (AddParameter): Name = "Supplier Part Number 1"; Value = "WM8121-ND"; VariantName = "[No Variations]"
Added Component: Designator=P4(HDR2X3)
Add component. Clean all parameters for all variants
Add component (AddParameter): Name = "GFUPartNo"; Value = "90131-0123"; VariantName = "[No Variations]"
Add component (AddParameter): Name = "Manufacturer 1"; Value = "Molex"; VariantName = "[No Variations]"
Add component (AddParameter): Name = "Manufacturer Part Number 1"; Value = "90131-0123"; VariantName = "[No Variations]"
Add component (AddParameter): Name = "Part Type"; Value = "THRU"; VariantName = "[No Variations]"
Add component (AddParameter): Name = "Supplier 1"; Value = "Digi-Key"; VariantName = "[No Variations]"
Add component (AddParameter): Name = "Supplier Part Number 1"; Value = "WM8121-ND"; VariantName = "[No Variations]"
Added Component: Designator=R1(0805_RES_HD)
Add component. Clean all parameters for all variants
Add component (AddParameter): Name = "GFUPartNo"; Value = "RC2012F752CS"; VariantName = "[No Variations]"
Add component (AddParameter): Name = "Manufacturer 1"; Value = "Samsung"; VariantName = "[No Variations]"
Add component (AddParameter): Name = "Manufacturer Part Number 1"; Value = "RC2012F752CS"; VariantName = "[No Variations]"
Add component (AddParameter): Name = "Part Type"; Value = "SMT"; VariantName = "[No Variations]"
Add component (AddParameter): Name = "Supplier 1"; Value = "Digi-Key"; VariantName = "[No Variations]"
Add component (AddParameter): Name = "Supplier Part Number 1"; Value = "1276-5324-1-ND"; VariantName = "[No Variations]"
Added Component: Designator=R2(0805_RES_HD)
Add component. Clean all parameters for all variants
Add component (AddParameter): Name = "GFUPartNo"; Value = "RC2012F752CS"; VariantName = "[No Variations]"
Add component (AddParameter): Name = "Manufacturer 1"; Value = "Samsung"; VariantName = "[No Variations]"
Add component (AddParameter): Name = "Manufacturer Part Number 1"; Value = "RC2012F752CS"; VariantName = "[No Variations]"
Add component (AddParameter): Name = "Part Type"; Value = "SMT"; VariantName = "[No Variations]"
Add component (AddParameter): Name = "Supplier 1"; Value = "Digi-Key"; VariantName = "[No Variations]"
Add component (AddParameter): Name = "Supplier Part Number 1"; Value = "1276-5324-1-ND"; VariantName = "[No Variations]"
Added Component: Designator=R3(0805_RES_HD)
Add component. Clean all parameters for all variants
Add component (AddParameter): Name = "GFUPartNo"; Value = "RC2012F752CS"; VariantName = "[No Variations]"
Add component (AddParameter): Name = "Manufacturer 1"; Value = "Samsung"; VariantName = "[No Variations]"
Add component (AddParameter): Name = "Manufacturer Part Number 1"; Value = "RC2012F752CS"; VariantName = "[No Variations]"
Add component (AddParameter): Name = "Part Type"; Value = "SMT"; VariantName = "[No Variations]"
Add component (AddParameter): Name = "Supplier 1"; Value = "Digi-Key"; VariantName = "[No Variations]"
Add component (AddParameter): Name = "Supplier Part Number 1"; Value = "1276-5324-1-ND"; VariantName = "[No Variations]"
Added Component: Designator=R4(0805_RES_HD)
Add component. Clean all parameters for all variants
Add component (AddParameter): Name = "GFUPartNo"; Value = "RC2012F752CS"; VariantName = "[No Variations]"
Add component (AddParameter): Name = "Manufacturer 1"; Value = "Samsung"; VariantName = "[No Variations]"
Add component (AddParameter): Name = "Manufacturer Part Number 1"; Value = "RC2012F752CS"; VariantName = "[No Variations]"
Add component (AddParameter): Name = "Part Type"; Value = "SMT"; VariantName = "[No Variations]"
Add component (AddParameter): Name = "Supplier 1"; Value = "Digi-Key"; VariantName = "[No Variations]"
Add component (AddParameter): Name = "Supplier Part Number 1"; Value = "1276-5324-1-ND"; VariantName = "[No Variations]"
Added Component: Designator=R5(0805_RES_HD)
Add component. Clean all parameters for all variants
Add component (AddParameter): Name = "GFUPartNo"; Value = "RC2012F752CS"; VariantName = "[No Variations]"
Add component (AddParameter): Name = "Manufacturer 1"; Value = "Samsung"; VariantName = "[No Variations]"
Add component (AddParameter): Name = "Manufacturer Part Number 1"; Value = "RC2012F752CS"; VariantName = "[No Variations]"
Add component (AddParameter): Name = "Part Type"; Value = "SMT"; VariantName = "[No Variations]"
Add component (AddParameter): Name = "Supplier 1"; Value = "Digi-Key"; VariantName = "[No Variations]"
Add component (AddParameter): Name = "Supplier Part Number 1"; Value = "1276-5324-1-ND"; VariantName = "[No Variations]"
Added Component: Designator=R6(0805_RES_HD)
Add component. Clean all parameters for all variants
Add component (AddParameter): Name = "GFUPartNo"; Value = "RC2012F752CS"; VariantName = "[No Variations]"
Add component (AddParameter): Name = "Manufacturer 1"; Value = "Samsung"; VariantName = "[No Variations]"
Add component (AddParameter): Name = "Manufacturer Part Number 1"; Value = "RC2012F752CS"; VariantName = "[No Variations]"
Add component (AddParameter): Name = "Part Type"; Value = "SMT"; VariantName = "[No Variations]"
Add component (AddParameter): Name = "Supplier 1"; Value = "Digi-Key"; VariantName = "[No Variations]"
Add component (AddParameter): Name = "Supplier Part Number 1"; Value = "1276-5324-1-ND"; VariantName = "[No Variations]"
Added Component: Designator=R7(0805_RES_HD)
Add component. Clean all parameters for all variants
Add component (AddParameter): Name = "GFUPartNo"; Value = "RC2012F752CS"; VariantName = "[No Variations]"
Add component (AddParameter): Name = "Manufacturer 1"; Value = "Samsung"; VariantName = "[No Variations]"
Add component (AddParameter): Name = "Manufacturer Part Number 1"; Value = "RC2012F752CS"; VariantName = "[No Variations]"
Add component (AddParameter): Name = "Part Type"; Value = "SMT"; VariantName = "[No Variations]"
Add component (AddParameter): Name = "Supplier 1"; Value = "Digi-Key"; VariantName = "[No Variations]"
Add component (AddParameter): Name = "Supplier Part Number 1"; Value = "1276-5324-1-ND"; VariantName = "[No Variations]"
Added Component: Designator=R8(0805_RES_HD)
Add component. Clean all parameters for all variants
Add component (AddParameter): Name = "GFUPartNo"; Value = "RC2012F752CS"; VariantName = "[No Variations]"
Add component (AddParameter): Name = "Manufacturer 1"; Value = "Samsung"; VariantName = "[No Variations]"
Add component (AddParameter): Name = "Manufacturer Part Number 1"; Value = "RC2012F752CS"; VariantName = "[No Variations]"
Add component (AddParameter): Name = "Part Type"; Value = "SMT"; VariantName = "[No Variations]"
Add component (AddParameter): Name = "Supplier 1"; Value = "Digi-Key"; VariantName = "[No Variations]"
Add component (AddParameter): Name = "Supplier Part Number 1"; Value = "1276-5324-1-ND"; VariantName = "[No Variations]"
Added Component: Designator=R9(0805_RES_HD)
Add component. Clean all parameters for all variants
Add component (AddParameter): Name = "GFUPartNo"; Value = "RC2012F752CS"; VariantName = "[No Variations]"
Add component (AddParameter): Name = "Manufacturer 1"; Value = "Samsung"; VariantName = "[No Variations]"
Add component (AddParameter): Name = "Manufacturer Part Number 1"; Value = "RC2012F752CS"; VariantName = "[No Variations]"
Add component (AddParameter): Name = "Part Type"; Value = "SMT"; VariantName = "[No Variations]"
Add component (AddParameter): Name = "Supplier 1"; Value = "Digi-Key"; VariantName = "[No Variations]"
Add component (AddParameter): Name = "Supplier Part Number 1"; Value = "1276-5324-1-ND"; VariantName = "[No Variations]"
Added Component: Designator=R10(0805_RES_HD)
Add component. Clean all parameters for all variants
Add component (AddParameter): Name = "GFUPartNo"; Value = "RC2012F752CS"; VariantName = "[No Variations]"
Add component (AddParameter): Name = "Manufacturer 1"; Value = "Samsung"; VariantName = "[No Variations]"
Add component (AddParameter): Name = "Manufacturer Part Number 1"; Value = "RC2012F752CS"; VariantName = "[No Variations]"
Add component (AddParameter): Name = "Part Type"; Value = "SMT"; VariantName = "[No Variations]"
Add component (AddParameter): Name = "Supplier 1"; Value = "Digi-Key"; VariantName = "[No Variations]"
Add component (AddParameter): Name = "Supplier Part Number 1"; Value = "1276-5324-1-ND"; VariantName = "[No Variations]"
Added Component: Designator=R11(0805_RES_HD)
Add component. Clean all parameters for all variants
Add component (AddParameter): Name = "GFUPartNo"; Value = "RC2012F752CS"; VariantName = "[No Variations]"
Add component (AddParameter): Name = "Manufacturer 1"; Value = "Samsung"; VariantName = "[No Variations]"
Add component (AddParameter): Name = "Manufacturer Part Number 1"; Value = "RC2012F752CS"; VariantName = "[No Variations]"
Add component (AddParameter): Name = "Part Type"; Value = "SMT"; VariantName = "[No Variations]"
Add component (AddParameter): Name = "Supplier 1"; Value = "Digi-Key"; VariantName = "[No Variations]"
Add component (AddParameter): Name = "Supplier Part Number 1"; Value = "1276-5324-1-ND"; VariantName = "[No Variations]"
Added Component: Designator=R12(0805_RES_HD)
Add component. Clean all parameters for all variants
Add component (AddParameter): Name = "GFUPartNo"; Value = "RC2012F752CS"; VariantName = "[No Variations]"
Add component (AddParameter): Name = "Manufacturer 1"; Value = "Samsung"; VariantName = "[No Variations]"
Add component (AddParameter): Name = "Manufacturer Part Number 1"; Value = "RC2012F752CS"; VariantName = "[No Variations]"
Add component (AddParameter): Name = "Part Type"; Value = "SMT"; VariantName = "[No Variations]"
Add component (AddParameter): Name = "Supplier 1"; Value = "Digi-Key"; VariantName = "[No Variations]"
Add component (AddParameter): Name = "Supplier Part Number 1"; Value = "1276-5324-1-ND"; VariantName = "[No Variations]"
Added Component: Designator=R13(0805_RES_HD)
Add component. Clean all parameters for all variants
Add component (AddParameter): Name = "GFUPartNo"; Value = "RC2012F752CS"; VariantName = "[No Variations]"
Add component (AddParameter): Name = "Manufacturer 1"; Value = "Samsung"; VariantName = "[No Variations]"
Add component (AddParameter): Name = "Manufacturer Part Number 1"; Value = "RC2012F752CS"; VariantName = "[No Variations]"
Add component (AddParameter): Name = "Part Type"; Value = "SMT"; VariantName = "[No Variations]"
Add component (AddParameter): Name = "Supplier 1"; Value = "Digi-Key"; VariantName = "[No Variations]"
Add component (AddParameter): Name = "Supplier Part Number 1"; Value = "1276-5324-1-ND"; VariantName = "[No Variations]"
Added Component: Designator=R14(0805_RES_HD)
Add component. Clean all parameters for all variants
Add component (AddParameter): Name = "GFUPartNo"; Value = "RC2012F752CS"; VariantName = "[No Variations]"
Add component (AddParameter): Name = "Manufacturer 1"; Value = "Samsung"; VariantName = "[No Variations]"
Add component (AddParameter): Name = "Manufacturer Part Number 1"; Value = "RC2012F752CS"; VariantName = "[No Variations]"
Add component (AddParameter): Name = "Part Type"; Value = "SMT"; VariantName = "[No Variations]"
Add component (AddParameter): Name = "Supplier 1"; Value = "Digi-Key"; VariantName = "[No Variations]"
Add component (AddParameter): Name = "Supplier Part Number 1"; Value = "1276-5324-1-ND"; VariantName = "[No Variations]"
Added Component: Designator=R15(0805_RES_HD)
Add component. Clean all parameters for all variants
Add component (AddParameter): Name = "GFUPartNo"; Value = "RC2012F752CS"; VariantName = "[No Variations]"
Add component (AddParameter): Name = "Manufacturer 1"; Value = "Samsung"; VariantName = "[No Variations]"
Add component (AddParameter): Name = "Manufacturer Part Number 1"; Value = "RC2012F752CS"; VariantName = "[No Variations]"
Add component (AddParameter): Name = "Part Type"; Value = "SMT"; VariantName = "[No Variations]"
Add component (AddParameter): Name = "Supplier 1"; Value = "Digi-Key"; VariantName = "[No Variations]"
Add component (AddParameter): Name = "Supplier Part Number 1"; Value = "1276-5324-1-ND"; VariantName = "[No Variations]"
Added Component: Designator=R16(0805_RES_HD)
Add component. Clean all parameters for all variants
Add component (AddParameter): Name = "GFUPartNo"; Value = "RC2012F752CS"; VariantName = "[No Variations]"
Add component (AddParameter): Name = "Manufacturer 1"; Value = "Samsung"; VariantName = "[No Variations]"
Add component (AddParameter): Name = "Manufacturer Part Number 1"; Value = "RC2012F752CS"; VariantName = "[No Variations]"
Add component (AddParameter): Name = "Part Type"; Value = "SMT"; VariantName = "[No Variations]"
Add component (AddParameter): Name = "Supplier 1"; Value = "Digi-Key"; VariantName = "[No Variations]"
Add component (AddParameter): Name = "Supplier Part Number 1"; Value = "1276-5324-1-ND"; VariantName = "[No Variations]"
Added Component: Designator=R17(0805_RES_HD)
Add component. Clean all parameters for all variants
Add component (AddParameter): Name = "GFUPartNo"; Value = "RC2012F752CS"; VariantName = "[No Variations]"
Add component (AddParameter): Name = "Manufacturer 1"; Value = "Samsung"; VariantName = "[No Variations]"
Add component (AddParameter): Name = "Manufacturer Part Number 1"; Value = "RC2012F752CS"; VariantName = "[No Variations]"
Add component (AddParameter): Name = "Part Type"; Value = "SMT"; VariantName = "[No Variations]"
Add component (AddParameter): Name = "Supplier 1"; Value = "Digi-Key"; VariantName = "[No Variations]"
Add component (AddParameter): Name = "Supplier Part Number 1"; Value = "1276-5324-1-ND"; VariantName = "[No Variations]"
Added Component: Designator=R18(0805_RES_HD)
Add component. Clean all parameters for all variants
Add component (AddParameter): Name = "GFUPartNo"; Value = "RC2012F752CS"; VariantName = "[No Variations]"
Add component (AddParameter): Name = "Manufacturer 1"; Value = "Samsung"; VariantName = "[No Variations]"
Add component (AddParameter): Name = "Manufacturer Part Number 1"; Value = "RC2012F752CS"; VariantName = "[No Variations]"
Add component (AddParameter): Name = "Part Type"; Value = "SMT"; VariantName = "[No Variations]"
Add component (AddParameter): Name = "Supplier 1"; Value = "Digi-Key"; VariantName = "[No Variations]"
Add component (AddParameter): Name = "Supplier Part Number 1"; Value = "1276-5324-1-ND"; VariantName = "[No Variations]"
Added Component: Designator=R19(0805_RES_HD)
Add component. Clean all parameters for all variants
Add component (AddParameter): Name = "GFUPartNo"; Value = "RC2012F752CS"; VariantName = "[No Variations]"
Add component (AddParameter): Name = "Manufacturer 1"; Value = "Samsung"; VariantName = "[No Variations]"
Add component (AddParameter): Name = "Manufacturer Part Number 1"; Value = "RC2012F752CS"; VariantName = "[No Variations]"
Add component (AddParameter): Name = "Part Type"; Value = "SMT"; VariantName = "[No Variations]"
Add component (AddParameter): Name = "Supplier 1"; Value = "Digi-Key"; VariantName = "[No Variations]"
Add component (AddParameter): Name = "Supplier Part Number 1"; Value = "1276-5324-1-ND"; VariantName = "[No Variations]"
Added Component: Designator=THUMB0(HDR2X3)
Add component. Clean all parameters for all variants
Add component (AddParameter): Name = "GFUPartNo"; Value = "90131-0123"; VariantName = "[No Variations]"
Add component (AddParameter): Name = "Manufacturer 1"; Value = "Molex"; VariantName = "[No Variations]"
Add component (AddParameter): Name = "Manufacturer Part Number 1"; Value = "90131-0123"; VariantName = "[No Variations]"
Add component (AddParameter): Name = "Part Type"; Value = "THRU"; VariantName = "[No Variations]"
Add component (AddParameter): Name = "Supplier 1"; Value = "Digi-Key"; VariantName = "[No Variations]"
Add component (AddParameter): Name = "Supplier Part Number 1"; Value = "WM8121-ND"; VariantName = "[No Variations]"
Added Component: Designator=THUMB1(HDR2X3)
Add component. Clean all parameters for all variants
Add component (AddParameter): Name = "GFUPartNo"; Value = "90131-0123"; VariantName = "[No Variations]"
Add component (AddParameter): Name = "Manufacturer 1"; Value = "Molex"; VariantName = "[No Variations]"
Add component (AddParameter): Name = "Manufacturer Part Number 1"; Value = "90131-0123"; VariantName = "[No Variations]"
Add component (AddParameter): Name = "Part Type"; Value = "THRU"; VariantName = "[No Variations]"
Add component (AddParameter): Name = "Supplier 1"; Value = "Digi-Key"; VariantName = "[No Variations]"
Add component (AddParameter): Name = "Supplier Part Number 1"; Value = "WM8121-ND"; VariantName = "[No Variations]"
Added Component: Designator=U2(DW24)
Add component. Clean all parameters for all variants
Add component (AddParameter): Name = "Built_By"; Value = "EMA_UL_Team"; VariantName = "[No Variations]"
Add component (AddParameter): Name = "C"; Value = "Copyright (C) 2015 Accelerated Designs. All rights reserved"; VariantName = "[No Variations]"
Add component (AddParameter): Name = "Manufacturer"; Value = "Texas Instruments"; VariantName = "[No Variations]"
Add component (AddParameter): Name = "Manufacturer_Part_Number"; Value = "PCA9548ADWR"; VariantName = "[No Variations]"
Add component (AddParameter): Name = "Value"; Value = "PCA9548ADWR"; VariantName = "[No Variations]"
Add component (AddParameter): Name = "Vendor"; Value = "Texas Instruments"; VariantName = "[No Variations]"
Added Pin To Net: NetName=3V3 Pin=ADDR-1
Added Pin To Net: NetName=3V3 Pin=INPUT-1
Added Pin To Net: NetName=SDA Pin=INPUT-2
Added Pin To Net: NetName=SCL Pin=INPUT-4
Added Pin To Net: NetName=GND Pin=INPUT-6
Added Pin To Net: NetName=3V3 Pin=P2-1
Added Pin To Net: NetName=GND Pin=P2-6
Added Pin To Net: NetName=3V3 Pin=P3-1
Added Pin To Net: NetName=GND Pin=P3-6
Added Pin To Net: NetName=3V3 Pin=P4-1
Added Pin To Net: NetName=GND Pin=P4-6
Added Pin To Net: NetName=GND Pin=R1-1
Added Pin To Net: NetName=3V3 Pin=R2-1
Added Pin To Net: NetName=SCL Pin=R2-2
Added Pin To Net: NetName=3V3 Pin=R3-1
Added Pin To Net: NetName=SDA Pin=R3-2
Added Pin To Net: NetName=3V3 Pin=R4-1
Added Pin To Net: NetName=3V3 Pin=R5-1
Added Pin To Net: NetName=3V3 Pin=R6-1
Added Pin To Net: NetName=3V3 Pin=R7-1
Added Pin To Net: NetName=3V3 Pin=R8-1
Added Pin To Net: NetName=3V3 Pin=R9-1
Added Pin To Net: NetName=3V3 Pin=R10-1
Added Pin To Net: NetName=3V3 Pin=R11-1
Added Pin To Net: NetName=3V3 Pin=R12-1
Added Pin To Net: NetName=3V3 Pin=R13-1
Added Pin To Net: NetName=3V3 Pin=R14-1
Added Pin To Net: NetName=3V3 Pin=R15-1
Added Pin To Net: NetName=3V3 Pin=R16-1
Added Pin To Net: NetName=3V3 Pin=R17-1
Added Pin To Net: NetName=3V3 Pin=R18-1
Added Pin To Net: NetName=3V3 Pin=R19-1
Added Pin To Net: NetName=3V3 Pin=THUMB0-1
Added Pin To Net: NetName=GND Pin=THUMB0-6
Added Pin To Net: NetName=3V3 Pin=THUMB1-1
Added Pin To Net: NetName=GND Pin=THUMB1-6
Added Pin To Net: NetName=3V3 Pin=U2-1
Added Pin To Net: NetName=3V3 Pin=U2-2
Added Pin To Net: NetName=3V3 Pin=U2-3
Added Pin To Net: NetName=GND Pin=U2-12
Added Pin To Net: NetName=3V3 Pin=U2-21
Added Pin To Net: NetName=SCL Pin=U2-22
Added Pin To Net: NetName=SDA Pin=U2-23
Added Pin To Net: NetName=3V3 Pin=U2-24
Change Net Name : Old Net Name=SCL New Net Name=SCL_in
Change Net Name : Old Net Name=SDA New Net Name=SDA_in
Added Pin To Net: NetName=NetADDR_2 Pin=ADDR-2
Added Pin To Net: NetName=NetADDR_2 Pin=R1-2
Added Pin To Net: NetName=NetADDR_2 Pin=U1-3
Added Net: Name=NetADDR_2
Added Pin To Net: NetName=pre_SCL0 Pin=R5-2
Added Pin To Net: NetName=pre_SCL0 Pin=THUMB0-5
Added Pin To Net: NetName=pre_SCL0 Pin=THUMB1-5
Added Pin To Net: NetName=pre_SCL0 Pin=U1-1
Added Pin To Net: NetName=pre_SCL0 Pin=U2-5
Added Net: Name=pre_SCL0
Added Pin To Net: NetName=pre_SCL1 Pin=R7-2
Added Pin To Net: NetName=pre_SCL1 Pin=THUMB0-3
Added Pin To Net: NetName=pre_SCL1 Pin=THUMB1-3
Added Pin To Net: NetName=pre_SCL1 Pin=U2-7
Added Net: Name=pre_SCL1
Added Pin To Net: NetName=pre_SCL2 Pin=P1-5
Added Pin To Net: NetName=pre_SCL2 Pin=P2-5
Added Pin To Net: NetName=pre_SCL2 Pin=R9-2
Added Pin To Net: NetName=pre_SCL2 Pin=U2-9
Added Net: Name=pre_SCL2
Added Pin To Net: NetName=pre_SCL3 Pin=P1-3
Added Pin To Net: NetName=pre_SCL3 Pin=R11-2
Added Pin To Net: NetName=pre_SCL3 Pin=U2-11
Added Net: Name=pre_SCL3
Added Pin To Net: NetName=pre_SCL4 Pin=P2-3
Added Pin To Net: NetName=pre_SCL4 Pin=R13-2
Added Pin To Net: NetName=pre_SCL4 Pin=U2-14
Added Net: Name=pre_SCL4
Added Pin To Net: NetName=pre_SCL5 Pin=P3-5
Added Pin To Net: NetName=pre_SCL5 Pin=P4-5
Added Pin To Net: NetName=pre_SCL5 Pin=R15-2
Added Pin To Net: NetName=pre_SCL5 Pin=U2-16
Added Net: Name=pre_SCL5
Added Pin To Net: NetName=pre_SCL6 Pin=P3-3
Added Pin To Net: NetName=pre_SCL6 Pin=R17-2
Added Pin To Net: NetName=pre_SCL6 Pin=U2-18
Added Net: Name=pre_SCL6
Added Pin To Net: NetName=pre_SCL7 Pin=P4-3
Added Pin To Net: NetName=pre_SCL7 Pin=R19-2
Added Pin To Net: NetName=pre_SCL7 Pin=U2-20
Added Net: Name=pre_SCL7
Added Pin To Net: NetName=pre_SDA0 Pin=R4-2
Added Pin To Net: NetName=pre_SDA0 Pin=THUMB0-2
Added Pin To Net: NetName=pre_SDA0 Pin=THUMB1-2
Added Pin To Net: NetName=pre_SDA0 Pin=U1-4
Added Pin To Net: NetName=pre_SDA0 Pin=U2-4
Added Net: Name=pre_SDA0
Added Pin To Net: NetName=pre_SDA1 Pin=R6-2
Added Pin To Net: NetName=pre_SDA1 Pin=THUMB0-4
Added Pin To Net: NetName=pre_SDA1 Pin=THUMB1-4
Added Pin To Net: NetName=pre_SDA1 Pin=U2-6
Added Net: Name=pre_SDA1
Added Pin To Net: NetName=pre_SDA2 Pin=P1-2
Added Pin To Net: NetName=pre_SDA2 Pin=P2-2
Added Pin To Net: NetName=pre_SDA2 Pin=R8-2
Added Pin To Net: NetName=pre_SDA2 Pin=U2-8
Added Net: Name=pre_SDA2
Added Pin To Net: NetName=pre_SDA3 Pin=P1-4
Added Pin To Net: NetName=pre_SDA3 Pin=R10-2
Added Pin To Net: NetName=pre_SDA3 Pin=U2-10
Added Net: Name=pre_SDA3
Added Pin To Net: NetName=pre_SDA4 Pin=P2-4
Added Pin To Net: NetName=pre_SDA4 Pin=R12-2
Added Pin To Net: NetName=pre_SDA4 Pin=U2-13
Added Net: Name=pre_SDA4
Added Pin To Net: NetName=pre_SDA5 Pin=P3-2
Added Pin To Net: NetName=pre_SDA5 Pin=P4-2
Added Pin To Net: NetName=pre_SDA5 Pin=R14-2
Added Pin To Net: NetName=pre_SDA5 Pin=U2-15
Added Net: Name=pre_SDA5
Added Pin To Net: NetName=pre_SDA6 Pin=P3-4
Added Pin To Net: NetName=pre_SDA6 Pin=R16-2
Added Pin To Net: NetName=pre_SDA6 Pin=U2-17
Added Net: Name=pre_SDA6
Added Pin To Net: NetName=pre_SDA7 Pin=P4-4
Added Pin To Net: NetName=pre_SDA7 Pin=R18-2
Added Pin To Net: NetName=pre_SDA7 Pin=U2-19
Added Net: Name=pre_SDA7
Change Class Name : Old Net Name=FingMiddle New Net Name=HandChip
Added Member To Class: ClassName=HandChip Member=Component ADDR 90120-0122
Added Member To Class: ClassName=HandChip Member=Component INPUT 90131-0123
Added Member To Class: ClassName=HandChip Member=Component P2 90131-0123
Added Member To Class: ClassName=HandChip Member=Component P3 90131-0123
Added Member To Class: ClassName=HandChip Member=Component P4 90131-0123
Added Member To Class: ClassName=HandChip Member=Component R1 10k
Added Member To Class: ClassName=HandChip Member=Component R2 2.4k
Added Member To Class: ClassName=HandChip Member=Component R3 2.4k
Added Member To Class: ClassName=HandChip Member=Component R4 2.4k
Added Member To Class: ClassName=HandChip Member=Component R5 2.4k
Added Member To Class: ClassName=HandChip Member=Component R6 2.4k
Added Member To Class: ClassName=HandChip Member=Component R7 2.4k
Added Member To Class: ClassName=HandChip Member=Component R8 2.4k
Added Member To Class: ClassName=HandChip Member=Component R9 2.4k
Added Member To Class: ClassName=HandChip Member=Component R10 2.4k
Added Member To Class: ClassName=HandChip Member=Component R11 2.4k
Added Member To Class: ClassName=HandChip Member=Component R12 2.4k
Added Member To Class: ClassName=HandChip Member=Component R13 2.4k
Added Member To Class: ClassName=HandChip Member=Component R14 2.4k
Added Member To Class: ClassName=HandChip Member=Component R15 2.4k
Added Member To Class: ClassName=HandChip Member=Component R16 2.4k
Added Member To Class: ClassName=HandChip Member=Component R17 2.4k
Added Member To Class: ClassName=HandChip Member=Component R18 2.4k
Added Member To Class: ClassName=HandChip Member=Component R19 2.4k
Added Member To Class: ClassName=HandChip Member=Component THUMB0 90131-0123
Added Member To Class: ClassName=HandChip Member=Component THUMB1 90131-0123
Added Member To Class: ClassName=HandChip Member=Component U2 PCA9548ADWR
Added Room: Name=HandChip
