Added Component: Designator=INPUT(HDR2X3)
Add component. Clean all parameters for all variants
Add component (AddParameter): Name = "LatestRevisionDate"; Value = "17-Jul-2002"; VariantName = "[No Variations]"
Add component (AddParameter): Name = "LatestRevisionNote"; Value = "Re-released for DXP Platform."; VariantName = "[No Variations]"
Add component (AddParameter): Name = "Publisher"; Value = "Altium Limited"; VariantName = "[No Variations]"
Added Component: Designator=Q1(DPAK228P994X240_3N)
Add component. Clean all parameters for all variants
Add component (AddParameter): Name = "Availability"; Value = "Unavailable"; VariantName = "[No Variations]"
Add component (AddParameter): Name = "MF"; Value = "Alpha &"; VariantName = "[No Variations]"
Add component (AddParameter): Name = "MP"; Value = "AOD417"; VariantName = "[No Variations]"
Add component (AddParameter): Name = "Package"; Value = "TO-252 Alpha &amp; Omega Semiconductor"; VariantName = "[No Variations]"
Add component (AddParameter): Name = "Price"; Value = "None"; VariantName = "[No Variations]"
Add component (AddParameter): Name = "SnapEDA_Link"; Value = "https://www.snapeda.com/parts/AOD417/Alpha%20%26%20Omega%20Semiconductor%20Inc./view-part/454934/?ref=snap"; VariantName = "[No Variations]"
Add component (AddParameter): Name = "Value"; Value = ""; VariantName = "[No Variations]"
Added Pin To Net: NetName=VREF Pin=INPUT-1
Added Pin To Net: NetName=SDA_in Pin=INPUT-2
Added Pin To Net: NetName=SCL_in Pin=INPUT-4
Added Pin To Net: NetName=GND Pin=INPUT-6
Added Pin To Net: NetName=GND Pin=Q1-1
Added Pin To Net: NetName=Vin Pin=Q1-3
Added Pin To Net: NetName=NetPWR_2 Pin=Q1-4
Added Member To Class: ClassName=ProstheticController Member=Component INPUT Header 3X2
Added Member To Class: ClassName=ProstheticController Member=Component Q1 AOD417
Added Room: Name=ProstheticController
